[2025-09-11T03:27:09.139+0000] {taskinstance.py:1159} INFO - Dependencies all met for dep_context=non-requeueable deps ti=<TaskInstance: spark_streaming_dag.run_streaming scheduled__2025-09-11T03:26:00+00:00 [queued]>
[2025-09-11T03:27:09.161+0000] {taskinstance.py:1159} INFO - Dependencies all met for dep_context=requeueable deps ti=<TaskInstance: spark_streaming_dag.run_streaming scheduled__2025-09-11T03:26:00+00:00 [queued]>
[2025-09-11T03:27:09.163+0000] {taskinstance.py:1361} INFO - Starting attempt 1 of 2
[2025-09-11T03:27:09.192+0000] {taskinstance.py:1382} INFO - Executing <Task(PythonOperator): run_streaming> on 2025-09-11 03:26:00+00:00
[2025-09-11T03:27:09.203+0000] {standard_task_runner.py:57} INFO - Started process 33055 to run task
[2025-09-11T03:27:09.215+0000] {standard_task_runner.py:84} INFO - Running: ['***', 'tasks', 'run', 'spark_streaming_dag', 'run_streaming', 'scheduled__2025-09-11T03:26:00+00:00', '--job-id', '26', '--raw', '--subdir', 'DAGS_FOLDER/streaming_dag.py', '--cfg-path', '/tmp/tmpjaxmnh88']
[2025-09-11T03:27:09.224+0000] {standard_task_runner.py:85} INFO - Job 26: Subtask run_streaming
[2025-09-11T03:27:09.330+0000] {task_command.py:416} INFO - Running <TaskInstance: spark_streaming_dag.run_streaming scheduled__2025-09-11T03:26:00+00:00 [running]> on host 41746e7f576b
[2025-09-11T03:27:09.518+0000] {taskinstance.py:1662} INFO - Exporting env vars: AIRFLOW_CTX_DAG_OWNER='***' AIRFLOW_CTX_DAG_ID='spark_streaming_dag' AIRFLOW_CTX_TASK_ID='run_streaming' AIRFLOW_CTX_EXECUTION_DATE='2025-09-11T03:26:00+00:00' AIRFLOW_CTX_TRY_NUMBER='1' AIRFLOW_CTX_DAG_RUN_ID='scheduled__2025-09-11T03:26:00+00:00'
[2025-09-11T03:27:23.956+0000] {spark_utils.py:25} INFO - Spark connection created successfully!
[2025-09-11T03:27:27.942+0000] {spark_utils.py:43} INFO - kafka dataframe created successfully
[2025-09-11T03:27:28.624+0000] {data_processing.py:49} INFO - Schema applied and JSON parsed.
[2025-09-11T03:27:28.699+0000] {data_processing.py:53} INFO - Dropped records with null id, email, or registered_date.
[2025-09-11T03:27:28.798+0000] {data_processing.py:61} INFO - Applied business rule validation.
[2025-09-11T03:27:28.837+0000] {data_processing.py:65} INFO - Deduplicated based on id.
[2025-09-11T03:27:28.945+0000] {cassandra_utils.py:21} ERROR - Could not create cassandra connection due to {}
[2025-09-11T03:27:28.946+0000] {python.py:194} INFO - Done. Returned value was: None
[2025-09-11T03:27:28.973+0000] {taskinstance.py:1400} INFO - Marking task as SUCCESS. dag_id=spark_streaming_dag, task_id=run_streaming, execution_date=20250911T032600, start_date=20250911T032709, end_date=20250911T032728
[2025-09-11T03:27:29.024+0000] {local_task_job_runner.py:228} INFO - Task exited with return code 0
[2025-09-11T03:27:29.080+0000] {taskinstance.py:2778} INFO - 0 downstream tasks scheduled from follow-on schedule check
