[2025-09-07T08:53:46.361+0000] {taskinstance.py:1159} INFO - Dependencies all met for dep_context=non-requeueable deps ti=<TaskInstance: user_automation.stream_data_from_api manual__2025-09-07T08:53:44.616880+00:00 [queued]>
[2025-09-07T08:53:46.379+0000] {taskinstance.py:1159} INFO - Dependencies all met for dep_context=requeueable deps ti=<TaskInstance: user_automation.stream_data_from_api manual__2025-09-07T08:53:44.616880+00:00 [queued]>
[2025-09-07T08:53:46.380+0000] {taskinstance.py:1361} INFO - Starting attempt 1 of 2
[2025-09-07T08:53:46.403+0000] {taskinstance.py:1382} INFO - Executing <Task(PythonOperator): stream_data_from_api> on 2025-09-07 08:53:44.616880+00:00
[2025-09-07T08:53:46.415+0000] {standard_task_runner.py:57} INFO - Started process 230 to run task
[2025-09-07T08:53:46.419+0000] {standard_task_runner.py:84} INFO - Running: ['***', 'tasks', 'run', 'user_automation', 'stream_data_from_api', 'manual__2025-09-07T08:53:44.616880+00:00', '--job-id', '27', '--raw', '--subdir', 'DAGS_FOLDER/kafka_stream.py', '--cfg-path', '/tmp/tmplhrxepl8']
[2025-09-07T08:53:46.423+0000] {standard_task_runner.py:85} INFO - Job 27: Subtask stream_data_from_api
[2025-09-07T08:53:46.526+0000] {task_command.py:416} INFO - Running <TaskInstance: user_automation.stream_data_from_api manual__2025-09-07T08:53:44.616880+00:00 [running]> on host 6ff4053ccce3
[2025-09-07T08:53:46.689+0000] {taskinstance.py:1662} INFO - Exporting env vars: AIRFLOW_CTX_DAG_OWNER='airscholar' AIRFLOW_CTX_DAG_ID='user_automation' AIRFLOW_CTX_TASK_ID='stream_data_from_api' AIRFLOW_CTX_EXECUTION_DATE='2025-09-07T08:53:44.616880+00:00' AIRFLOW_CTX_TRY_NUMBER='1' AIRFLOW_CTX_DAG_RUN_ID='manual__2025-09-07T08:53:44.616880+00:00'
[2025-09-07T08:53:46.695+0000] {conn.py:380} INFO - <BrokerConnection node_id=bootstrap-0 host=broker:29092 <connecting> [IPv4 ('172.18.0.8', 29092)]>: connecting to broker:29092 [('172.18.0.8', 29092) IPv4]
[2025-09-07T08:53:46.696+0000] {conn.py:1205} INFO - Probing node bootstrap-0 broker version
[2025-09-07T08:53:46.699+0000] {conn.py:410} INFO - <BrokerConnection node_id=bootstrap-0 host=broker:29092 <connecting> [IPv4 ('172.18.0.8', 29092)]>: Connection complete.
[2025-09-07T08:53:46.811+0000] {conn.py:1267} INFO - Broker version identified as 2.5.0
[2025-09-07T08:53:46.812+0000] {conn.py:1268} INFO - Set configuration api_version=(2, 5, 0) to skip auto check_version requests on startup
[2025-09-07T08:53:48.235+0000] {kafka_stream.py:122} INFO - Sent user: smalltiger166
[2025-09-07T08:53:48.238+0000] {conn.py:380} INFO - <BrokerConnection node_id=1 host=broker:29092 <connecting> [IPv4 ('172.18.0.8', 29092)]>: connecting to broker:29092 [('172.18.0.8', 29092) IPv4]
[2025-09-07T08:53:48.240+0000] {conn.py:410} INFO - <BrokerConnection node_id=1 host=broker:29092 <connecting> [IPv4 ('172.18.0.8', 29092)]>: Connection complete.
[2025-09-07T08:53:48.241+0000] {conn.py:919} INFO - <BrokerConnection node_id=bootstrap-0 host=broker:29092 <connected> [IPv4 ('172.18.0.8', 29092)]>: Closing connection. 
[2025-09-07T08:53:54.546+0000] {kafka_stream.py:122} INFO - Sent user: purpleelephant645
[2025-09-07T08:54:00.272+0000] {kafka_stream.py:122} INFO - Sent user: organicgoose107
[2025-09-07T08:54:06.004+0000] {kafka_stream.py:122} INFO - Sent user: happylion312
[2025-09-07T08:54:11.439+0000] {kafka_stream.py:122} INFO - Sent user: redbird902
[2025-09-07T08:54:17.115+0000] {kafka_stream.py:122} INFO - Sent user: beautifulbear505
[2025-09-07T08:54:23.158+0000] {kafka_stream.py:122} INFO - Sent user: heavycat749
[2025-09-07T08:54:29.352+0000] {kafka_stream.py:122} INFO - Sent user: redbird507
[2025-09-07T08:54:35.190+0000] {kafka_stream.py:122} INFO - Sent user: silverelephant178
[2025-09-07T08:54:40.825+0000] {kafka_stream.py:122} INFO - Sent user: goldenpeacock566
[2025-09-07T08:54:47.087+0000] {kafka_stream.py:122} INFO - Sent user: tinybutterfly103
[2025-09-07T08:54:52.526+0000] {kafka_stream.py:122} INFO - Sent user: redladybug847
[2025-09-07T08:54:58.139+0000] {kafka_stream.py:122} INFO - Sent user: heavymouse940
[2025-09-07T08:55:04.066+0000] {kafka_stream.py:122} INFO - Sent user: orangezebra658
[2025-09-07T08:55:11.542+0000] {kafka_stream.py:122} INFO - Sent user: heavyelephant840
[2025-09-07T08:55:17.180+0000] {kafka_stream.py:122} INFO - Sent user: happyrabbit387
[2025-09-07T08:55:23.319+0000] {kafka_stream.py:122} INFO - Sent user: crazytiger554
[2025-09-07T08:55:29.363+0000] {kafka_stream.py:122} INFO - Sent user: brownelephant127
[2025-09-07T08:55:35.404+0000] {kafka_stream.py:122} INFO - Sent user: redelephant838
[2025-09-07T08:55:41.244+0000] {kafka_stream.py:122} INFO - Sent user: orangeelephant670
[2025-09-07T08:55:47.487+0000] {kafka_stream.py:122} INFO - Sent user: orangekoala213
[2025-09-07T08:55:55.171+0000] {kafka_stream.py:122} INFO - Sent user: silverladybug883
[2025-09-07T08:56:01.005+0000] {kafka_stream.py:122} INFO - Sent user: organicgorilla765
[2025-09-07T08:56:06.631+0000] {kafka_stream.py:122} INFO - Sent user: happyfrog879
[2025-09-07T08:56:12.330+0000] {kafka_stream.py:122} INFO - Sent user: purplezebra665
[2025-09-07T08:56:18.411+0000] {kafka_stream.py:122} INFO - Sent user: goldenpanda744
[2025-09-07T08:56:24.048+0000] {kafka_stream.py:122} INFO - Sent user: happyduck182
[2025-09-07T08:56:29.882+0000] {kafka_stream.py:122} INFO - Sent user: happyladybug145
[2025-09-07T08:56:35.853+0000] {kafka_stream.py:122} INFO - Sent user: crazylion884
[2025-09-07T08:56:42.063+0000] {kafka_stream.py:122} INFO - Sent user: bluepanda395
[2025-09-07T08:56:43.265+0000] {local_task_job_runner.py:294} WARNING - State of this instance has been externally set to failed. Terminating instance.
[2025-09-07T08:56:43.268+0000] {process_utils.py:131} INFO - Sending 15 to group 230. PIDs of all processes in the group: [230]
[2025-09-07T08:56:43.269+0000] {process_utils.py:86} INFO - Sending the signal 15 to group 230
[2025-09-07T08:56:43.270+0000] {taskinstance.py:1632} ERROR - Received SIGTERM. Terminating subprocesses.
[2025-09-07T08:56:43.300+0000] {conn.py:919} INFO - <BrokerConnection node_id=1 host=broker:29092 <connected> [IPv4 ('172.18.0.8', 29092)]>: Closing connection. 
[2025-09-07T08:56:43.327+0000] {process_utils.py:79} INFO - Process psutil.Process(pid=230, status='terminated', exitcode=0, started='08:53:46') (230) terminated with exit code 0
