[2025-09-11T03:37:00.734+0000] {taskinstance.py:1159} INFO - Dependencies all met for dep_context=non-requeueable deps ti=<TaskInstance: spark_streaming_dag.run_streaming scheduled__2025-09-11T03:36:00+00:00 [queued]>
[2025-09-11T03:37:00.749+0000] {taskinstance.py:1159} INFO - Dependencies all met for dep_context=requeueable deps ti=<TaskInstance: spark_streaming_dag.run_streaming scheduled__2025-09-11T03:36:00+00:00 [queued]>
[2025-09-11T03:37:00.750+0000] {taskinstance.py:1361} INFO - Starting attempt 1 of 2
[2025-09-11T03:37:00.770+0000] {taskinstance.py:1382} INFO - Executing <Task(PythonOperator): run_streaming> on 2025-09-11 03:36:00+00:00
[2025-09-11T03:37:00.778+0000] {standard_task_runner.py:57} INFO - Started process 337 to run task
[2025-09-11T03:37:00.781+0000] {standard_task_runner.py:84} INFO - Running: ['***', 'tasks', 'run', 'spark_streaming_dag', 'run_streaming', 'scheduled__2025-09-11T03:36:00+00:00', '--job-id', '34', '--raw', '--subdir', 'DAGS_FOLDER/streaming_dag.py', '--cfg-path', '/tmp/tmpitslrix7']
[2025-09-11T03:37:00.784+0000] {standard_task_runner.py:85} INFO - Job 34: Subtask run_streaming
[2025-09-11T03:37:00.853+0000] {task_command.py:416} INFO - Running <TaskInstance: spark_streaming_dag.run_streaming scheduled__2025-09-11T03:36:00+00:00 [running]> on host 954b9572d0b9
[2025-09-11T03:37:00.991+0000] {taskinstance.py:1662} INFO - Exporting env vars: AIRFLOW_CTX_DAG_OWNER='***' AIRFLOW_CTX_DAG_ID='spark_streaming_dag' AIRFLOW_CTX_TASK_ID='run_streaming' AIRFLOW_CTX_EXECUTION_DATE='2025-09-11T03:36:00+00:00' AIRFLOW_CTX_TRY_NUMBER='1' AIRFLOW_CTX_DAG_RUN_ID='scheduled__2025-09-11T03:36:00+00:00'
[2025-09-11T03:38:10.633+0000] {spark_utils.py:25} INFO - Spark connection created successfully!
[2025-09-11T03:38:14.887+0000] {spark_utils.py:43} INFO - kafka dataframe created successfully
[2025-09-11T03:38:15.823+0000] {data_processing.py:49} INFO - Schema applied and JSON parsed.
[2025-09-11T03:38:15.868+0000] {data_processing.py:53} INFO - Dropped records with null id, email, or registered_date.
[2025-09-11T03:38:15.962+0000] {data_processing.py:61} INFO - Applied business rule validation.
[2025-09-11T03:38:15.985+0000] {data_processing.py:65} INFO - Deduplicated based on id.
[2025-09-11T03:38:16.036+0000] {cassandra_utils.py:21} ERROR - Could not create cassandra connection due to {}
[2025-09-11T03:38:16.037+0000] {python.py:194} INFO - Done. Returned value was: None
[2025-09-11T03:38:16.057+0000] {taskinstance.py:1400} INFO - Marking task as SUCCESS. dag_id=spark_streaming_dag, task_id=run_streaming, execution_date=20250911T033600, start_date=20250911T033700, end_date=20250911T033816
[2025-09-11T03:38:16.151+0000] {local_task_job_runner.py:228} INFO - Task exited with return code 0
[2025-09-11T03:38:16.190+0000] {taskinstance.py:2778} INFO - 0 downstream tasks scheduled from follow-on schedule check
