[2025-08-27T01:23:14.268+0000] {processor.py:157} INFO - Started process (PID=163) to work on /opt/airflow/dags/kafka_stream.py
[2025-08-27T01:23:14.270+0000] {processor.py:829} INFO - Processing file /opt/airflow/dags/kafka_stream.py for tasks to queue
[2025-08-27T01:23:14.273+0000] {logging_mixin.py:154} INFO - [2025-08-27T01:23:14.272+0000] {dagbag.py:536} INFO - Filling up the DagBag from /opt/airflow/dags/kafka_stream.py
[2025-08-27T01:23:14.844+0000] {logging_mixin.py:154} INFO - {
    "id": "bc88ad0b-9121-4db4-8bc6-0a8328e7a04c",
    "first_name": "Ceylan",
    "last_name": "Erdo\u011fan",
    "gender": "female",
    "address": "8765 Tunal\u0131 Hilmi Cd, Hakk\u00e2ri, Bursa, Turkey",
    "post_code": 52160,
    "email": "ceylan.erdogan@example.com",
    "username": "ticklishgoose433",
    "dob": "1964-10-20T20:04:50.563Z",
    "registered_date": "2010-07-16T10:52:47.941Z",
    "phone": "(480)-225-7848",
    "picture": "https://randomuser.me/api/portraits/med/women/66.jpg"
}
[2025-08-27T01:23:14.847+0000] {processor.py:841} WARNING - No viable dags retrieved from /opt/airflow/dags/kafka_stream.py
[2025-08-27T01:23:14.878+0000] {processor.py:179} INFO - Processing /opt/airflow/dags/kafka_stream.py took 0.617 seconds
[2025-08-27T01:23:45.118+0000] {processor.py:157} INFO - Started process (PID=169) to work on /opt/airflow/dags/kafka_stream.py
[2025-08-27T01:23:45.119+0000] {processor.py:829} INFO - Processing file /opt/airflow/dags/kafka_stream.py for tasks to queue
[2025-08-27T01:23:45.121+0000] {logging_mixin.py:154} INFO - [2025-08-27T01:23:45.120+0000] {dagbag.py:536} INFO - Filling up the DagBag from /opt/airflow/dags/kafka_stream.py
[2025-08-27T01:23:45.619+0000] {logging_mixin.py:154} INFO - {
    "id": "e0a8b457-c018-4333-afb0-106b5f41a302",
    "first_name": "Kayla",
    "last_name": "Brastad",
    "gender": "female",
    "address": "819 Gabbi Lunds vei, Vestfossen, Aust-Agder, Norway",
    "post_code": "5267",
    "email": "kayla.brastad@example.com",
    "username": "silverlion858",
    "dob": "1970-12-29T12:54:25.661Z",
    "registered_date": "2020-10-09T16:45:16.845Z",
    "phone": "65215284",
    "picture": "https://randomuser.me/api/portraits/med/women/12.jpg"
}
[2025-08-27T01:23:45.620+0000] {processor.py:841} WARNING - No viable dags retrieved from /opt/airflow/dags/kafka_stream.py
[2025-08-27T01:23:45.640+0000] {processor.py:179} INFO - Processing /opt/airflow/dags/kafka_stream.py took 0.526 seconds
[2025-08-27T01:24:15.693+0000] {processor.py:157} INFO - Started process (PID=174) to work on /opt/airflow/dags/kafka_stream.py
[2025-08-27T01:24:15.694+0000] {processor.py:829} INFO - Processing file /opt/airflow/dags/kafka_stream.py for tasks to queue
[2025-08-27T01:24:15.696+0000] {logging_mixin.py:154} INFO - [2025-08-27T01:24:15.696+0000] {dagbag.py:536} INFO - Filling up the DagBag from /opt/airflow/dags/kafka_stream.py
[2025-08-27T01:24:16.278+0000] {logging_mixin.py:154} INFO - {
    "id": "4c19691a-7061-4830-b312-cdfb8fe5c060",
    "first_name": "V\u00e4in\u00f6",
    "last_name": "Sippola",
    "gender": "male",
    "address": "818 Itsen\u00e4isyydenkatu, Nokia, South Karelia, Finland",
    "post_code": 82790,
    "email": "vaino.sippola@example.com",
    "username": "tinysnake394",
    "dob": "1966-03-07T13:19:25.012Z",
    "registered_date": "2016-05-17T15:45:27.308Z",
    "phone": "07-380-824",
    "picture": "https://randomuser.me/api/portraits/med/men/85.jpg"
}
[2025-08-27T01:24:16.279+0000] {processor.py:841} WARNING - No viable dags retrieved from /opt/airflow/dags/kafka_stream.py
[2025-08-27T01:24:16.299+0000] {processor.py:179} INFO - Processing /opt/airflow/dags/kafka_stream.py took 0.609 seconds
[2025-08-27T01:24:46.475+0000] {processor.py:157} INFO - Started process (PID=179) to work on /opt/airflow/dags/kafka_stream.py
[2025-08-27T01:24:46.477+0000] {processor.py:829} INFO - Processing file /opt/airflow/dags/kafka_stream.py for tasks to queue
[2025-08-27T01:24:46.479+0000] {logging_mixin.py:154} INFO - [2025-08-27T01:24:46.478+0000] {dagbag.py:536} INFO - Filling up the DagBag from /opt/airflow/dags/kafka_stream.py
[2025-08-27T01:24:47.099+0000] {logging_mixin.py:154} INFO - {
    "id": "6dd6ea9d-0244-4c3d-b3cb-b9c7d8e39042",
    "first_name": "Hudson",
    "last_name": "Fortin",
    "gender": "male",
    "address": "1140 Main St, Minto, Prince Edward Island, Canada",
    "post_code": "I6Z 0R7",
    "email": "hudson.fortin@example.com",
    "username": "yellowlion499",
    "dob": "1963-05-23T12:36:07.919Z",
    "registered_date": "2018-01-28T20:26:16.507Z",
    "phone": "P23 F41-4095",
    "picture": "https://randomuser.me/api/portraits/med/men/80.jpg"
}
[2025-08-27T01:24:47.100+0000] {processor.py:841} WARNING - No viable dags retrieved from /opt/airflow/dags/kafka_stream.py
[2025-08-27T01:24:47.118+0000] {processor.py:179} INFO - Processing /opt/airflow/dags/kafka_stream.py took 0.647 seconds
[2025-08-27T01:25:17.228+0000] {processor.py:157} INFO - Started process (PID=184) to work on /opt/airflow/dags/kafka_stream.py
[2025-08-27T01:25:17.229+0000] {processor.py:829} INFO - Processing file /opt/airflow/dags/kafka_stream.py for tasks to queue
[2025-08-27T01:25:17.231+0000] {logging_mixin.py:154} INFO - [2025-08-27T01:25:17.230+0000] {dagbag.py:536} INFO - Filling up the DagBag from /opt/airflow/dags/kafka_stream.py
[2025-08-27T01:25:17.820+0000] {logging_mixin.py:154} INFO - {
    "id": "af7e2fb7-8c48-4f91-af1b-7ed9fb0ace9a",
    "first_name": "Zinoviy",
    "last_name": "Rizhuk",
    "gender": "male",
    "address": "2873 Generala Rodimceva, Tokmak, Harkivska, Ukraine",
    "post_code": 97940,
    "email": "zinoviy.rizhuk@example.com",
    "username": "silverostrich443",
    "dob": "1953-07-18T11:39:07.444Z",
    "registered_date": "2006-12-31T03:53:23.279Z",
    "phone": "(068) O06-4679",
    "picture": "https://randomuser.me/api/portraits/med/men/24.jpg"
}
[2025-08-27T01:25:17.821+0000] {processor.py:841} WARNING - No viable dags retrieved from /opt/airflow/dags/kafka_stream.py
[2025-08-27T01:25:17.838+0000] {processor.py:179} INFO - Processing /opt/airflow/dags/kafka_stream.py took 0.613 seconds
[2025-08-27T01:25:48.016+0000] {processor.py:157} INFO - Started process (PID=189) to work on /opt/airflow/dags/kafka_stream.py
[2025-08-27T01:25:48.017+0000] {processor.py:829} INFO - Processing file /opt/airflow/dags/kafka_stream.py for tasks to queue
[2025-08-27T01:25:48.020+0000] {logging_mixin.py:154} INFO - [2025-08-27T01:25:48.019+0000] {dagbag.py:536} INFO - Filling up the DagBag from /opt/airflow/dags/kafka_stream.py
[2025-08-27T01:25:48.501+0000] {logging_mixin.py:154} INFO - {
    "id": "708b6ca5-0ef3-43a1-8c0b-32be254c8d4a",
    "first_name": "\u00c1ngeles",
    "last_name": "Delgado",
    "gender": "female",
    "address": "3233 Avenida de La Albufera, Santiago de Compostela, Comunidad de Madrid, Spain",
    "post_code": 10783,
    "email": "angeles.delgado@example.com",
    "username": "greenmeercat246",
    "dob": "1993-11-04T11:49:44.054Z",
    "registered_date": "2013-07-12T13:38:49.702Z",
    "phone": "996-638-763",
    "picture": "https://randomuser.me/api/portraits/med/women/70.jpg"
}
[2025-08-27T01:25:48.503+0000] {processor.py:841} WARNING - No viable dags retrieved from /opt/airflow/dags/kafka_stream.py
[2025-08-27T01:25:48.527+0000] {processor.py:179} INFO - Processing /opt/airflow/dags/kafka_stream.py took 0.515 seconds
[2025-08-27T01:26:18.601+0000] {processor.py:157} INFO - Started process (PID=194) to work on /opt/airflow/dags/kafka_stream.py
[2025-08-27T01:26:18.603+0000] {processor.py:829} INFO - Processing file /opt/airflow/dags/kafka_stream.py for tasks to queue
[2025-08-27T01:26:18.604+0000] {logging_mixin.py:154} INFO - [2025-08-27T01:26:18.604+0000] {dagbag.py:536} INFO - Filling up the DagBag from /opt/airflow/dags/kafka_stream.py
[2025-08-27T01:26:19.157+0000] {logging_mixin.py:154} INFO - {
    "id": "d63e21d0-63f0-481e-b567-d927e8525667",
    "first_name": "Fatma",
    "last_name": "Aky\u00fcrek",
    "gender": "female",
    "address": "4387 Istiklal Cd, Nev\u015fehir, Sivas, Turkey",
    "post_code": 69575,
    "email": "fatma.akyurek@example.com",
    "username": "tinyduck235",
    "dob": "1973-07-12T07:35:04.993Z",
    "registered_date": "2020-03-27T21:18:23.198Z",
    "phone": "(694)-428-3951",
    "picture": "https://randomuser.me/api/portraits/med/women/24.jpg"
}
[2025-08-27T01:26:19.158+0000] {processor.py:841} WARNING - No viable dags retrieved from /opt/airflow/dags/kafka_stream.py
[2025-08-27T01:26:19.176+0000] {processor.py:179} INFO - Processing /opt/airflow/dags/kafka_stream.py took 0.579 seconds
[2025-08-27T01:26:49.350+0000] {processor.py:157} INFO - Started process (PID=199) to work on /opt/airflow/dags/kafka_stream.py
[2025-08-27T01:26:49.352+0000] {processor.py:829} INFO - Processing file /opt/airflow/dags/kafka_stream.py for tasks to queue
[2025-08-27T01:26:49.354+0000] {logging_mixin.py:154} INFO - [2025-08-27T01:26:49.353+0000] {dagbag.py:536} INFO - Filling up the DagBag from /opt/airflow/dags/kafka_stream.py
[2025-08-27T01:26:49.878+0000] {logging_mixin.py:154} INFO - {
    "id": "1378532f-b0da-4c04-ae92-df40fc0b9dc0",
    "first_name": "Latife",
    "last_name": "K\u00f6rm\u00fck\u00e7\u00fc",
    "gender": "female",
    "address": "9580 Fatih Sultan Mehmet Cd, U\u015fak, Bayburt, Turkey",
    "post_code": 40262,
    "email": "latife.kormukcu@example.com",
    "username": "blackzebra168",
    "dob": "1961-07-21T12:04:30.269Z",
    "registered_date": "2015-08-12T03:24:42.952Z",
    "phone": "(007)-332-8905",
    "picture": "https://randomuser.me/api/portraits/med/women/25.jpg"
}
[2025-08-27T01:26:49.879+0000] {processor.py:841} WARNING - No viable dags retrieved from /opt/airflow/dags/kafka_stream.py
[2025-08-27T01:26:49.937+0000] {processor.py:179} INFO - Processing /opt/airflow/dags/kafka_stream.py took 0.592 seconds
[2025-08-27T01:27:20.039+0000] {processor.py:157} INFO - Started process (PID=204) to work on /opt/airflow/dags/kafka_stream.py
[2025-08-27T01:27:20.040+0000] {processor.py:829} INFO - Processing file /opt/airflow/dags/kafka_stream.py for tasks to queue
[2025-08-27T01:27:20.042+0000] {logging_mixin.py:154} INFO - [2025-08-27T01:27:20.041+0000] {dagbag.py:536} INFO - Filling up the DagBag from /opt/airflow/dags/kafka_stream.py
[2025-08-27T01:27:20.598+0000] {logging_mixin.py:154} INFO - {
    "id": "ac6cdf1c-2dbb-418a-8078-48411432f0b1",
    "first_name": "Jimi",
    "last_name": "Sakala",
    "gender": "male",
    "address": "8888 Myllypuronkatu, Tervo, P\u00e4ij\u00e4t-H\u00e4me, Finland",
    "post_code": 74228,
    "email": "jimi.sakala@example.com",
    "username": "beautifulpanda426",
    "dob": "1951-09-11T07:50:23.102Z",
    "registered_date": "2021-12-31T07:30:10.900Z",
    "phone": "03-970-616",
    "picture": "https://randomuser.me/api/portraits/med/men/45.jpg"
}
[2025-08-27T01:27:20.599+0000] {processor.py:841} WARNING - No viable dags retrieved from /opt/airflow/dags/kafka_stream.py
[2025-08-27T01:27:20.617+0000] {processor.py:179} INFO - Processing /opt/airflow/dags/kafka_stream.py took 0.581 seconds
[2025-08-27T01:27:50.824+0000] {processor.py:157} INFO - Started process (PID=209) to work on /opt/airflow/dags/kafka_stream.py
[2025-08-27T01:27:50.829+0000] {processor.py:829} INFO - Processing file /opt/airflow/dags/kafka_stream.py for tasks to queue
[2025-08-27T01:27:50.832+0000] {logging_mixin.py:154} INFO - [2025-08-27T01:27:50.831+0000] {dagbag.py:536} INFO - Filling up the DagBag from /opt/airflow/dags/kafka_stream.py
[2025-08-27T01:27:51.317+0000] {logging_mixin.py:154} INFO - {
    "id": "5cbd7d3e-dff0-4595-92f7-c3f15e4f34a5",
    "first_name": "Eli",
    "last_name": "Bates",
    "gender": "male",
    "address": "1303 The Green, Edinburgh, Gloucestershire, United Kingdom",
    "post_code": "L47 3QA",
    "email": "eli.bates@example.com",
    "username": "orangeleopard143",
    "dob": "1947-12-06T06:15:29.783Z",
    "registered_date": "2019-11-24T09:04:45.321Z",
    "phone": "016974 46856",
    "picture": "https://randomuser.me/api/portraits/med/men/85.jpg"
}
[2025-08-27T01:27:51.318+0000] {processor.py:841} WARNING - No viable dags retrieved from /opt/airflow/dags/kafka_stream.py
[2025-08-27T01:27:51.344+0000] {processor.py:179} INFO - Processing /opt/airflow/dags/kafka_stream.py took 0.526 seconds
[2025-08-27T01:28:21.500+0000] {processor.py:157} INFO - Started process (PID=214) to work on /opt/airflow/dags/kafka_stream.py
[2025-08-27T01:28:21.501+0000] {processor.py:829} INFO - Processing file /opt/airflow/dags/kafka_stream.py for tasks to queue
[2025-08-27T01:28:21.503+0000] {logging_mixin.py:154} INFO - [2025-08-27T01:28:21.502+0000] {dagbag.py:536} INFO - Filling up the DagBag from /opt/airflow/dags/kafka_stream.py
[2025-08-27T01:28:22.138+0000] {logging_mixin.py:154} INFO - {
    "id": "491f2ca2-e37e-4682-a26c-de26fe2b90eb",
    "first_name": "Marika",
    "last_name": "Ziemann",
    "gender": "female",
    "address": "241 K\u00f6nigsberger Stra\u00dfe, Zeven, Berlin, Germany",
    "post_code": 55817,
    "email": "marika.ziemann@example.com",
    "username": "bigkoala387",
    "dob": "1959-06-27T08:44:06.884Z",
    "registered_date": "2016-04-02T03:53:34.114Z",
    "phone": "0957-7392745",
    "picture": "https://randomuser.me/api/portraits/med/women/14.jpg"
}
[2025-08-27T01:28:22.140+0000] {processor.py:841} WARNING - No viable dags retrieved from /opt/airflow/dags/kafka_stream.py
[2025-08-27T01:28:22.157+0000] {processor.py:179} INFO - Processing /opt/airflow/dags/kafka_stream.py took 0.662 seconds
[2025-08-27T01:28:52.341+0000] {processor.py:157} INFO - Started process (PID=219) to work on /opt/airflow/dags/kafka_stream.py
[2025-08-27T01:28:52.342+0000] {processor.py:829} INFO - Processing file /opt/airflow/dags/kafka_stream.py for tasks to queue
[2025-08-27T01:28:52.344+0000] {logging_mixin.py:154} INFO - [2025-08-27T01:28:52.343+0000] {dagbag.py:536} INFO - Filling up the DagBag from /opt/airflow/dags/kafka_stream.py
[2025-08-27T01:28:52.868+0000] {logging_mixin.py:154} INFO - {
    "id": "288782fd-1155-4353-ae95-abca2ee71238",
    "first_name": "Mateo",
    "last_name": "Bravo",
    "gender": "male",
    "address": "6285 Cerrada Norte Carri\u00f3n, Teopisca, Oaxaca, Mexico",
    "post_code": 57490,
    "email": "mateo.bravo@example.com",
    "username": "tinyelephant762",
    "dob": "1964-04-25T17:38:40.078Z",
    "registered_date": "2006-02-12T23:40:27.223Z",
    "phone": "(698) 273 1587",
    "picture": "https://randomuser.me/api/portraits/med/men/39.jpg"
}
[2025-08-27T01:28:52.869+0000] {processor.py:841} WARNING - No viable dags retrieved from /opt/airflow/dags/kafka_stream.py
[2025-08-27T01:28:52.891+0000] {processor.py:179} INFO - Processing /opt/airflow/dags/kafka_stream.py took 0.553 seconds
[2025-08-27T01:29:23.066+0000] {processor.py:157} INFO - Started process (PID=224) to work on /opt/airflow/dags/kafka_stream.py
[2025-08-27T01:29:23.067+0000] {processor.py:829} INFO - Processing file /opt/airflow/dags/kafka_stream.py for tasks to queue
[2025-08-27T01:29:23.069+0000] {logging_mixin.py:154} INFO - [2025-08-27T01:29:23.068+0000] {dagbag.py:536} INFO - Filling up the DagBag from /opt/airflow/dags/kafka_stream.py
[2025-08-27T01:29:23.784+0000] {logging_mixin.py:154} INFO - {
    "id": "0ddb9f5c-0f48-43aa-a763-d8ffda4a4b37",
    "first_name": "Viroslav",
    "last_name": "Galenko",
    "gender": "male",
    "address": "8117 Mikoli Ovodova, Stebnik, Ivano-Frankivska, Ukraine",
    "post_code": 84355,
    "email": "viroslav.galenko@example.com",
    "username": "happytiger757",
    "dob": "1957-02-15T20:54:25.195Z",
    "registered_date": "2013-10-03T04:54:25.528Z",
    "phone": "(097) A42-2096",
    "picture": "https://randomuser.me/api/portraits/med/men/26.jpg"
}
[2025-08-27T01:29:23.785+0000] {processor.py:841} WARNING - No viable dags retrieved from /opt/airflow/dags/kafka_stream.py
[2025-08-27T01:29:23.805+0000] {processor.py:179} INFO - Processing /opt/airflow/dags/kafka_stream.py took 0.742 seconds
[2025-08-27T01:29:54.012+0000] {processor.py:157} INFO - Started process (PID=229) to work on /opt/airflow/dags/kafka_stream.py
[2025-08-27T01:29:54.013+0000] {processor.py:829} INFO - Processing file /opt/airflow/dags/kafka_stream.py for tasks to queue
[2025-08-27T01:29:54.015+0000] {logging_mixin.py:154} INFO - [2025-08-27T01:29:54.014+0000] {dagbag.py:536} INFO - Filling up the DagBag from /opt/airflow/dags/kafka_stream.py
[2025-08-27T01:29:54.606+0000] {logging_mixin.py:154} INFO - {
    "id": "56b1c1b3-e26f-45fe-9dfa-82337decd76d",
    "first_name": "Susana",
    "last_name": "Garrido",
    "gender": "female",
    "address": "8386 Calle de Arturo Soria, Barcelona, Cantabria, Spain",
    "post_code": 38376,
    "email": "susana.garrido@example.com",
    "username": "crazyduck153",
    "dob": "1987-04-22T20:49:28.041Z",
    "registered_date": "2008-04-10T21:32:13.843Z",
    "phone": "903-665-365",
    "picture": "https://randomuser.me/api/portraits/med/women/44.jpg"
}
[2025-08-27T01:29:54.607+0000] {processor.py:841} WARNING - No viable dags retrieved from /opt/airflow/dags/kafka_stream.py
[2025-08-27T01:29:54.625+0000] {processor.py:179} INFO - Processing /opt/airflow/dags/kafka_stream.py took 0.617 seconds
[2025-08-27T01:30:24.805+0000] {processor.py:157} INFO - Started process (PID=234) to work on /opt/airflow/dags/kafka_stream.py
[2025-08-27T01:30:24.806+0000] {processor.py:829} INFO - Processing file /opt/airflow/dags/kafka_stream.py for tasks to queue
[2025-08-27T01:30:24.808+0000] {logging_mixin.py:154} INFO - [2025-08-27T01:30:24.807+0000] {dagbag.py:536} INFO - Filling up the DagBag from /opt/airflow/dags/kafka_stream.py
[2025-08-27T01:30:25.738+0000] {logging_mixin.py:154} INFO - {
    "id": "7c7bf9bc-adb6-4cfc-bfc3-a6fa519b845c",
    "first_name": "Solaiman",
    "last_name": "Van Ijzendoorn",
    "gender": "male",
    "address": "9489 Koudenhorn, Kogerpolder, Groningen, Netherlands",
    "post_code": "3419 WG",
    "email": "solaiman.vanijzendoorn@example.com",
    "username": "blueladybug870",
    "dob": "1951-08-12T08:52:43.362Z",
    "registered_date": "2016-04-12T15:03:15.462Z",
    "phone": "(0887) 501832",
    "picture": "https://randomuser.me/api/portraits/med/men/71.jpg"
}
[2025-08-27T01:30:25.739+0000] {processor.py:841} WARNING - No viable dags retrieved from /opt/airflow/dags/kafka_stream.py
[2025-08-27T01:30:25.758+0000] {processor.py:179} INFO - Processing /opt/airflow/dags/kafka_stream.py took 0.957 seconds
[2025-08-27T01:30:55.952+0000] {processor.py:157} INFO - Started process (PID=239) to work on /opt/airflow/dags/kafka_stream.py
[2025-08-27T01:30:55.956+0000] {processor.py:829} INFO - Processing file /opt/airflow/dags/kafka_stream.py for tasks to queue
[2025-08-27T01:30:55.957+0000] {logging_mixin.py:154} INFO - [2025-08-27T01:30:55.957+0000] {dagbag.py:536} INFO - Filling up the DagBag from /opt/airflow/dags/kafka_stream.py
[2025-08-27T01:30:56.457+0000] {logging_mixin.py:154} INFO - {
    "id": "324b9fda-4404-4440-aed8-001aa9997d58",
    "first_name": "\u0622\u06cc\u0646\u0627\u0632",
    "last_name": "\u0643\u0627\u0645\u064a\u0627\u0631\u0627\u0646",
    "gender": "female",
    "address": "5243 \u0634\u0647\u06cc\u062f \u0622\u0631\u0634 \u0645\u0647\u0631, \u062e\u0631\u0645\u200c\u0622\u0628\u0627\u062f, \u0645\u0631\u06a9\u0632\u06cc, Iran",
    "post_code": 72138,
    "email": "aynz.kmyrn@example.com",
    "username": "tinypanda292",
    "dob": "1992-07-26T17:12:02.704Z",
    "registered_date": "2009-11-02T06:50:15.784Z",
    "phone": "097-19191029",
    "picture": "https://randomuser.me/api/portraits/med/women/35.jpg"
}
[2025-08-27T01:30:56.459+0000] {processor.py:841} WARNING - No viable dags retrieved from /opt/airflow/dags/kafka_stream.py
[2025-08-27T01:30:56.483+0000] {processor.py:179} INFO - Processing /opt/airflow/dags/kafka_stream.py took 0.536 seconds
[2025-08-27T01:31:26.685+0000] {processor.py:157} INFO - Started process (PID=244) to work on /opt/airflow/dags/kafka_stream.py
[2025-08-27T01:31:26.687+0000] {processor.py:829} INFO - Processing file /opt/airflow/dags/kafka_stream.py for tasks to queue
[2025-08-27T01:31:26.689+0000] {logging_mixin.py:154} INFO - [2025-08-27T01:31:26.689+0000] {dagbag.py:536} INFO - Filling up the DagBag from /opt/airflow/dags/kafka_stream.py
[2025-08-27T01:31:27.280+0000] {logging_mixin.py:154} INFO - {
    "id": "c626383c-34e3-43e0-b102-97d08a28fe55",
    "first_name": "Alice",
    "last_name": "Gr\u00f8nning",
    "gender": "female",
    "address": "7347 \u00d8stensj\u00f8 terrasse, Ekeberg, Description, Norway",
    "post_code": "9419",
    "email": "alice.gronning@example.com",
    "username": "goldenkoala512",
    "dob": "1947-04-07T20:17:02.052Z",
    "registered_date": "2016-03-24T03:38:46.315Z",
    "phone": "70208575",
    "picture": "https://randomuser.me/api/portraits/med/women/40.jpg"
}
[2025-08-27T01:31:27.282+0000] {processor.py:841} WARNING - No viable dags retrieved from /opt/airflow/dags/kafka_stream.py
[2025-08-27T01:31:27.306+0000] {processor.py:179} INFO - Processing /opt/airflow/dags/kafka_stream.py took 0.625 seconds
[2025-08-27T01:31:57.486+0000] {processor.py:157} INFO - Started process (PID=249) to work on /opt/airflow/dags/kafka_stream.py
[2025-08-27T01:31:57.488+0000] {processor.py:829} INFO - Processing file /opt/airflow/dags/kafka_stream.py for tasks to queue
[2025-08-27T01:31:57.489+0000] {logging_mixin.py:154} INFO - [2025-08-27T01:31:57.489+0000] {dagbag.py:536} INFO - Filling up the DagBag from /opt/airflow/dags/kafka_stream.py
[2025-08-27T01:31:58.102+0000] {logging_mixin.py:154} INFO - {
    "id": "09a00d2f-6a67-4463-a051-8fba963eb333",
    "first_name": "Melvin",
    "last_name": "Gutierrez",
    "gender": "male",
    "address": "296 George Street, Salisbury, Merseyside, United Kingdom",
    "post_code": "RV2 4UT",
    "email": "melvin.gutierrez@example.com",
    "username": "smallcat493",
    "dob": "2001-04-11T05:51:34.492Z",
    "registered_date": "2004-06-10T19:10:20.646Z",
    "phone": "016977 0787",
    "picture": "https://randomuser.me/api/portraits/med/men/49.jpg"
}
[2025-08-27T01:31:58.103+0000] {processor.py:841} WARNING - No viable dags retrieved from /opt/airflow/dags/kafka_stream.py
[2025-08-27T01:31:58.122+0000] {processor.py:179} INFO - Processing /opt/airflow/dags/kafka_stream.py took 0.640 seconds
[2025-08-27T01:32:28.278+0000] {processor.py:157} INFO - Started process (PID=254) to work on /opt/airflow/dags/kafka_stream.py
[2025-08-27T01:32:28.279+0000] {processor.py:829} INFO - Processing file /opt/airflow/dags/kafka_stream.py for tasks to queue
[2025-08-27T01:32:28.281+0000] {logging_mixin.py:154} INFO - [2025-08-27T01:32:28.280+0000] {dagbag.py:536} INFO - Filling up the DagBag from /opt/airflow/dags/kafka_stream.py
[2025-08-27T01:32:29.847+0000] {logging_mixin.py:154} INFO - {
    "id": "588b9a8d-2981-495a-89c5-1ea0e18c4bcf",
    "first_name": "Saksham",
    "last_name": "Jain",
    "gender": "male",
    "address": "8765 Vellala St, Alwar, Bihar, India",
    "post_code": 21043,
    "email": "saksham.jain@example.com",
    "username": "brownladybug105",
    "dob": "1984-12-04T02:54:55.961Z",
    "registered_date": "2004-06-04T14:44:41.727Z",
    "phone": "8213035002",
    "picture": "https://randomuser.me/api/portraits/med/men/76.jpg"
}
[2025-08-27T01:32:29.849+0000] {processor.py:841} WARNING - No viable dags retrieved from /opt/airflow/dags/kafka_stream.py
[2025-08-27T01:32:29.867+0000] {processor.py:179} INFO - Processing /opt/airflow/dags/kafka_stream.py took 1.593 seconds
[2025-08-27T01:33:00.194+0000] {processor.py:157} INFO - Started process (PID=259) to work on /opt/airflow/dags/kafka_stream.py
[2025-08-27T01:33:00.195+0000] {processor.py:829} INFO - Processing file /opt/airflow/dags/kafka_stream.py for tasks to queue
[2025-08-27T01:33:00.197+0000] {logging_mixin.py:154} INFO - [2025-08-27T01:33:00.196+0000] {dagbag.py:536} INFO - Filling up the DagBag from /opt/airflow/dags/kafka_stream.py
[2025-08-27T01:33:00.771+0000] {logging_mixin.py:154} INFO - {
    "id": "2ed79cd8-25d1-43d7-9040-1f5b26363986",
    "first_name": "Liva",
    "last_name": "Thomsen",
    "gender": "female",
    "address": "5413 Tingvej, Lundby, Nordjylland, Denmark",
    "post_code": 42370,
    "email": "liva.thomsen@example.com",
    "username": "bluewolf678",
    "dob": "1976-05-23T13:51:13.430Z",
    "registered_date": "2008-05-28T15:29:06.141Z",
    "phone": "04212999",
    "picture": "https://randomuser.me/api/portraits/med/women/68.jpg"
}
[2025-08-27T01:33:00.773+0000] {processor.py:841} WARNING - No viable dags retrieved from /opt/airflow/dags/kafka_stream.py
[2025-08-27T01:33:00.794+0000] {processor.py:179} INFO - Processing /opt/airflow/dags/kafka_stream.py took 0.606 seconds
[2025-08-27T01:33:31.022+0000] {processor.py:157} INFO - Started process (PID=264) to work on /opt/airflow/dags/kafka_stream.py
[2025-08-27T01:33:31.023+0000] {processor.py:829} INFO - Processing file /opt/airflow/dags/kafka_stream.py for tasks to queue
[2025-08-27T01:33:31.025+0000] {logging_mixin.py:154} INFO - [2025-08-27T01:33:31.024+0000] {dagbag.py:536} INFO - Filling up the DagBag from /opt/airflow/dags/kafka_stream.py
[2025-08-27T01:33:31.702+0000] {logging_mixin.py:154} INFO - {
    "id": "6216e429-9b3e-47cf-96dd-169e902f11fd",
    "first_name": "Saanvi",
    "last_name": "Pujari",
    "gender": "female",
    "address": "176 Mirza Ismail Rd, Bangalore, Bihar, India",
    "post_code": 82969,
    "email": "saanvi.pujari@example.com",
    "username": "sadrabbit632",
    "dob": "1949-08-17T09:42:10.180Z",
    "registered_date": "2009-08-19T21:12:29.263Z",
    "phone": "7743878220",
    "picture": "https://randomuser.me/api/portraits/med/women/79.jpg"
}
[2025-08-27T01:33:31.708+0000] {processor.py:841} WARNING - No viable dags retrieved from /opt/airflow/dags/kafka_stream.py
[2025-08-27T01:33:31.737+0000] {processor.py:179} INFO - Processing /opt/airflow/dags/kafka_stream.py took 0.718 seconds
[2025-08-27T01:34:01.827+0000] {processor.py:157} INFO - Started process (PID=269) to work on /opt/airflow/dags/kafka_stream.py
[2025-08-27T01:34:01.828+0000] {processor.py:829} INFO - Processing file /opt/airflow/dags/kafka_stream.py for tasks to queue
[2025-08-27T01:34:01.830+0000] {logging_mixin.py:154} INFO - [2025-08-27T01:34:01.829+0000] {dagbag.py:536} INFO - Filling up the DagBag from /opt/airflow/dags/kafka_stream.py
[2025-08-27T01:34:02.515+0000] {logging_mixin.py:154} INFO - {
    "id": "651b970e-a86e-4aa9-9337-0ec3b1e286a3",
    "first_name": "Amelia",
    "last_name": "Lavigne",
    "gender": "female",
    "address": "7936 Main St, Alma, Northwest Territories, Canada",
    "post_code": "B5P 1D1",
    "email": "amelia.lavigne@example.com",
    "username": "ticklishtiger195",
    "dob": "1963-10-11T08:55:24.081Z",
    "registered_date": "2006-11-14T19:26:13.308Z",
    "phone": "Y75 G76-7996",
    "picture": "https://randomuser.me/api/portraits/med/women/58.jpg"
}
[2025-08-27T01:34:02.517+0000] {processor.py:841} WARNING - No viable dags retrieved from /opt/airflow/dags/kafka_stream.py
[2025-08-27T01:34:02.536+0000] {processor.py:179} INFO - Processing /opt/airflow/dags/kafka_stream.py took 0.713 seconds
[2025-08-27T01:34:32.726+0000] {processor.py:157} INFO - Started process (PID=274) to work on /opt/airflow/dags/kafka_stream.py
[2025-08-27T01:34:32.728+0000] {processor.py:829} INFO - Processing file /opt/airflow/dags/kafka_stream.py for tasks to queue
[2025-08-27T01:34:32.730+0000] {logging_mixin.py:154} INFO - [2025-08-27T01:34:32.729+0000] {dagbag.py:536} INFO - Filling up the DagBag from /opt/airflow/dags/kafka_stream.py
[2025-08-27T01:34:33.240+0000] {logging_mixin.py:154} INFO - {
    "id": "ffbedb36-6908-47a3-9819-407e960cf440",
    "first_name": "Eleanor",
    "last_name": "Wheeler",
    "gender": "female",
    "address": "4313 Valwood Pkwy, Coppell, Montana, United States",
    "post_code": 76586,
    "email": "eleanor.wheeler@example.com",
    "username": "yellowmouse362",
    "dob": "1992-04-18T04:17:55.761Z",
    "registered_date": "2003-04-04T21:17:53.893Z",
    "phone": "(329) 412-7072",
    "picture": "https://randomuser.me/api/portraits/med/women/85.jpg"
}
[2025-08-27T01:34:33.242+0000] {processor.py:841} WARNING - No viable dags retrieved from /opt/airflow/dags/kafka_stream.py
[2025-08-27T01:34:33.263+0000] {processor.py:179} INFO - Processing /opt/airflow/dags/kafka_stream.py took 0.543 seconds
[2025-08-27T01:35:03.422+0000] {processor.py:157} INFO - Started process (PID=279) to work on /opt/airflow/dags/kafka_stream.py
[2025-08-27T01:35:03.424+0000] {processor.py:829} INFO - Processing file /opt/airflow/dags/kafka_stream.py for tasks to queue
[2025-08-27T01:35:03.427+0000] {logging_mixin.py:154} INFO - [2025-08-27T01:35:03.426+0000] {dagbag.py:536} INFO - Filling up the DagBag from /opt/airflow/dags/kafka_stream.py
[2025-08-27T01:35:03.955+0000] {logging_mixin.py:154} INFO - {
    "id": "828eac28-2f5e-4ca1-91a4-88d57fda641c",
    "first_name": "Jake",
    "last_name": "Campbell",
    "gender": "male",
    "address": "7507 Dame Street, Carrigtwohill, Clare, Ireland",
    "post_code": 56566,
    "email": "jake.campbell@example.com",
    "username": "organiclion953",
    "dob": "1960-04-04T12:28:33.498Z",
    "registered_date": "2007-03-08T18:18:51.107Z",
    "phone": "041-433-4672",
    "picture": "https://randomuser.me/api/portraits/med/men/98.jpg"
}
[2025-08-27T01:35:03.956+0000] {processor.py:841} WARNING - No viable dags retrieved from /opt/airflow/dags/kafka_stream.py
[2025-08-27T01:35:03.977+0000] {processor.py:179} INFO - Processing /opt/airflow/dags/kafka_stream.py took 0.559 seconds
[2025-08-27T01:35:34.196+0000] {processor.py:157} INFO - Started process (PID=284) to work on /opt/airflow/dags/kafka_stream.py
[2025-08-27T01:35:34.197+0000] {processor.py:829} INFO - Processing file /opt/airflow/dags/kafka_stream.py for tasks to queue
[2025-08-27T01:35:34.199+0000] {logging_mixin.py:154} INFO - [2025-08-27T01:35:34.199+0000] {dagbag.py:536} INFO - Filling up the DagBag from /opt/airflow/dags/kafka_stream.py
[2025-08-27T01:35:34.689+0000] {logging_mixin.py:154} INFO - {
    "id": "102034d7-ab0d-4b72-8fe6-69504aa37684",
    "first_name": "\u06cc\u0633\u0646\u0627",
    "last_name": "\u06af\u0644\u0634\u0646",
    "gender": "female",
    "address": "1170 \u062d\u0642\u0627\u0646\u06cc, \u0646\u06cc\u0634\u0627\u0628\u0648\u0631, \u0633\u06cc\u0633\u062a\u0627\u0646 \u0648 \u0628\u0644\u0648\u0686\u0633\u062a\u0627\u0646, Iran",
    "post_code": 11868,
    "email": "ysn.glshn@example.com",
    "username": "brownduck952",
    "dob": "1987-06-01T05:41:56.870Z",
    "registered_date": "2008-06-03T04:50:54.327Z",
    "phone": "096-68899889",
    "picture": "https://randomuser.me/api/portraits/med/women/8.jpg"
}
[2025-08-27T01:35:34.690+0000] {processor.py:841} WARNING - No viable dags retrieved from /opt/airflow/dags/kafka_stream.py
[2025-08-27T01:35:34.706+0000] {processor.py:179} INFO - Processing /opt/airflow/dags/kafka_stream.py took 0.514 seconds
[2025-08-27T01:36:04.874+0000] {processor.py:157} INFO - Started process (PID=289) to work on /opt/airflow/dags/kafka_stream.py
[2025-08-27T01:36:04.875+0000] {processor.py:829} INFO - Processing file /opt/airflow/dags/kafka_stream.py for tasks to queue
[2025-08-27T01:36:04.877+0000] {logging_mixin.py:154} INFO - [2025-08-27T01:36:04.876+0000] {dagbag.py:536} INFO - Filling up the DagBag from /opt/airflow/dags/kafka_stream.py
[2025-08-27T01:36:05.392+0000] {logging_mixin.py:154} INFO - {
    "id": "6728e32e-ddc2-4655-8a3f-73251fe7e14e",
    "first_name": "\u0631\u0627\u062f\u06cc\u0646",
    "last_name": "\u06a9\u0627\u0645\u0631\u0648\u0627",
    "gender": "male",
    "address": "7559 \u06a9\u0648\u06cc \u0646\u0635\u0631, \u0642\u0627\u0626\u0645\u200c\u0634\u0647\u0631, \u06af\u0644\u0633\u062a\u0627\u0646, Iran",
    "post_code": 88036,
    "email": "rdyn.khmrw@example.com",
    "username": "tinygorilla902",
    "dob": "1957-06-30T13:06:24.696Z",
    "registered_date": "2014-08-06T19:19:15.083Z",
    "phone": "007-13676566",
    "picture": "https://randomuser.me/api/portraits/med/men/72.jpg"
}
[2025-08-27T01:36:05.393+0000] {processor.py:841} WARNING - No viable dags retrieved from /opt/airflow/dags/kafka_stream.py
[2025-08-27T01:36:05.409+0000] {processor.py:179} INFO - Processing /opt/airflow/dags/kafka_stream.py took 0.539 seconds
[2025-08-27T01:36:35.610+0000] {processor.py:157} INFO - Started process (PID=294) to work on /opt/airflow/dags/kafka_stream.py
[2025-08-27T01:36:35.611+0000] {processor.py:829} INFO - Processing file /opt/airflow/dags/kafka_stream.py for tasks to queue
[2025-08-27T01:36:35.613+0000] {logging_mixin.py:154} INFO - [2025-08-27T01:36:35.612+0000] {dagbag.py:536} INFO - Filling up the DagBag from /opt/airflow/dags/kafka_stream.py
[2025-08-27T01:36:36.134+0000] {logging_mixin.py:154} INFO - {
    "id": "408d5c9d-7cd0-4b14-9910-e68df9312f02",
    "first_name": "Rishaan",
    "last_name": "Bangera",
    "gender": "male",
    "address": "276 MG Rd Bangalore, Chapra, Andaman and Nicobar Islands, India",
    "post_code": 65547,
    "email": "rishaan.bangera@example.com",
    "username": "crazysnake192",
    "dob": "1952-07-19T01:03:44.274Z",
    "registered_date": "2021-03-01T14:20:45.038Z",
    "phone": "8349350156",
    "picture": "https://randomuser.me/api/portraits/med/men/47.jpg"
}
[2025-08-27T01:36:36.135+0000] {processor.py:841} WARNING - No viable dags retrieved from /opt/airflow/dags/kafka_stream.py
[2025-08-27T01:36:36.156+0000] {processor.py:179} INFO - Processing /opt/airflow/dags/kafka_stream.py took 0.550 seconds
[2025-08-27T01:37:06.266+0000] {processor.py:157} INFO - Started process (PID=299) to work on /opt/airflow/dags/kafka_stream.py
[2025-08-27T01:37:06.267+0000] {processor.py:829} INFO - Processing file /opt/airflow/dags/kafka_stream.py for tasks to queue
[2025-08-27T01:37:06.268+0000] {logging_mixin.py:154} INFO - [2025-08-27T01:37:06.268+0000] {dagbag.py:536} INFO - Filling up the DagBag from /opt/airflow/dags/kafka_stream.py
[2025-08-27T01:37:06.757+0000] {logging_mixin.py:154} INFO - {
    "id": "56aa0195-92ef-4923-ae1a-d1b49ca61c67",
    "first_name": "Sarah",
    "last_name": "Oliver",
    "gender": "female",
    "address": "6092 Kingsway, Southampton, Wiltshire, United Kingdom",
    "post_code": "SY8L 4AX",
    "email": "sarah.oliver@example.com",
    "username": "blackelephant475",
    "dob": "1954-10-08T15:38:35.624Z",
    "registered_date": "2019-05-28T23:42:01.756Z",
    "phone": "015394 73799",
    "picture": "https://randomuser.me/api/portraits/med/women/78.jpg"
}
[2025-08-27T01:37:06.758+0000] {processor.py:841} WARNING - No viable dags retrieved from /opt/airflow/dags/kafka_stream.py
[2025-08-27T01:37:06.773+0000] {processor.py:179} INFO - Processing /opt/airflow/dags/kafka_stream.py took 0.511 seconds
[2025-08-27T15:45:16.593+0000] {processor.py:157} INFO - Started process (PID=164) to work on /opt/airflow/dags/kafka_stream.py
[2025-08-27T15:45:16.597+0000] {processor.py:829} INFO - Processing file /opt/airflow/dags/kafka_stream.py for tasks to queue
[2025-08-27T15:45:16.599+0000] {logging_mixin.py:154} INFO - [2025-08-27T15:45:16.598+0000] {dagbag.py:536} INFO - Filling up the DagBag from /opt/airflow/dags/kafka_stream.py
[2025-08-27T15:45:16.663+0000] {processor.py:839} INFO - DAG(s) dict_keys(['user_automation']) retrieved from /opt/airflow/dags/kafka_stream.py
[2025-08-27T15:45:16.714+0000] {logging_mixin.py:154} INFO - [2025-08-27T15:45:16.714+0000] {dag.py:2941} INFO - Sync 1 DAGs
[2025-08-27T15:45:16.759+0000] {logging_mixin.py:154} INFO - [2025-08-27T15:45:16.759+0000] {dag.py:3722} INFO - Setting next_dagrun for user_automation to 2025-08-26T00:00:00+00:00, run_after=2025-08-27T00:00:00+00:00
[2025-08-27T15:45:16.796+0000] {processor.py:179} INFO - Processing /opt/airflow/dags/kafka_stream.py took 0.210 seconds
[2025-08-27T15:45:46.848+0000] {processor.py:157} INFO - Started process (PID=169) to work on /opt/airflow/dags/kafka_stream.py
[2025-08-27T15:45:46.850+0000] {processor.py:829} INFO - Processing file /opt/airflow/dags/kafka_stream.py for tasks to queue
[2025-08-27T15:45:46.851+0000] {logging_mixin.py:154} INFO - [2025-08-27T15:45:46.851+0000] {dagbag.py:536} INFO - Filling up the DagBag from /opt/airflow/dags/kafka_stream.py
[2025-08-27T15:45:46.878+0000] {processor.py:839} INFO - DAG(s) dict_keys(['user_automation']) retrieved from /opt/airflow/dags/kafka_stream.py
[2025-08-27T15:45:46.962+0000] {logging_mixin.py:154} INFO - [2025-08-27T15:45:46.961+0000] {dag.py:2941} INFO - Sync 1 DAGs
[2025-08-27T15:45:47.004+0000] {logging_mixin.py:154} INFO - [2025-08-27T15:45:47.004+0000] {dag.py:3722} INFO - Setting next_dagrun for user_automation to 2025-08-26T00:00:00+00:00, run_after=2025-08-27T00:00:00+00:00
[2025-08-27T15:45:47.039+0000] {processor.py:179} INFO - Processing /opt/airflow/dags/kafka_stream.py took 0.195 seconds
[2025-08-27T15:46:17.131+0000] {processor.py:157} INFO - Started process (PID=174) to work on /opt/airflow/dags/kafka_stream.py
[2025-08-27T15:46:17.132+0000] {processor.py:829} INFO - Processing file /opt/airflow/dags/kafka_stream.py for tasks to queue
[2025-08-27T15:46:17.133+0000] {logging_mixin.py:154} INFO - [2025-08-27T15:46:17.133+0000] {dagbag.py:536} INFO - Filling up the DagBag from /opt/airflow/dags/kafka_stream.py
[2025-08-27T15:46:17.148+0000] {processor.py:839} INFO - DAG(s) dict_keys(['user_automation']) retrieved from /opt/airflow/dags/kafka_stream.py
[2025-08-27T15:46:17.183+0000] {logging_mixin.py:154} INFO - [2025-08-27T15:46:17.183+0000] {dag.py:2941} INFO - Sync 1 DAGs
[2025-08-27T15:46:17.211+0000] {logging_mixin.py:154} INFO - [2025-08-27T15:46:17.211+0000] {dag.py:3722} INFO - Setting next_dagrun for user_automation to 2025-08-26T00:00:00+00:00, run_after=2025-08-27T00:00:00+00:00
[2025-08-27T15:46:17.235+0000] {processor.py:179} INFO - Processing /opt/airflow/dags/kafka_stream.py took 0.108 seconds
[2025-08-27T15:46:47.352+0000] {processor.py:157} INFO - Started process (PID=179) to work on /opt/airflow/dags/kafka_stream.py
[2025-08-27T15:46:47.353+0000] {processor.py:829} INFO - Processing file /opt/airflow/dags/kafka_stream.py for tasks to queue
[2025-08-27T15:46:47.354+0000] {logging_mixin.py:154} INFO - [2025-08-27T15:46:47.354+0000] {dagbag.py:536} INFO - Filling up the DagBag from /opt/airflow/dags/kafka_stream.py
[2025-08-27T15:46:47.370+0000] {processor.py:839} INFO - DAG(s) dict_keys(['user_automation']) retrieved from /opt/airflow/dags/kafka_stream.py
[2025-08-27T15:46:47.414+0000] {logging_mixin.py:154} INFO - [2025-08-27T15:46:47.414+0000] {dag.py:2941} INFO - Sync 1 DAGs
[2025-08-27T15:46:47.448+0000] {logging_mixin.py:154} INFO - [2025-08-27T15:46:47.448+0000] {dag.py:3722} INFO - Setting next_dagrun for user_automation to 2025-08-26T00:00:00+00:00, run_after=2025-08-27T00:00:00+00:00
[2025-08-27T15:46:47.476+0000] {processor.py:179} INFO - Processing /opt/airflow/dags/kafka_stream.py took 0.127 seconds
