[2025-09-06T20:59:14.443+0000] {taskinstance.py:1159} INFO - Dependencies all met for dep_context=non-requeueable deps ti=<TaskInstance: user_automation.stream_data_from_api manual__2025-09-06T20:59:12.392001+00:00 [queued]>
[2025-09-06T20:59:14.465+0000] {taskinstance.py:1159} INFO - Dependencies all met for dep_context=requeueable deps ti=<TaskInstance: user_automation.stream_data_from_api manual__2025-09-06T20:59:12.392001+00:00 [queued]>
[2025-09-06T20:59:14.467+0000] {taskinstance.py:1361} INFO - Starting attempt 1 of 2
[2025-09-06T20:59:14.496+0000] {taskinstance.py:1382} INFO - Executing <Task(PythonOperator): stream_data_from_api> on 2025-09-06 20:59:12.392001+00:00
[2025-09-06T20:59:14.503+0000] {standard_task_runner.py:57} INFO - Started process 311 to run task
[2025-09-06T20:59:14.508+0000] {standard_task_runner.py:84} INFO - Running: ['***', 'tasks', 'run', 'user_automation', 'stream_data_from_api', 'manual__2025-09-06T20:59:12.392001+00:00', '--job-id', '18', '--raw', '--subdir', 'DAGS_FOLDER/kafka_stream.py', '--cfg-path', '/tmp/tmpnbrkz889']
[2025-09-06T20:59:14.512+0000] {standard_task_runner.py:85} INFO - Job 18: Subtask stream_data_from_api
[2025-09-06T20:59:14.605+0000] {task_command.py:416} INFO - Running <TaskInstance: user_automation.stream_data_from_api manual__2025-09-06T20:59:12.392001+00:00 [running]> on host a8ac21146533
[2025-09-06T20:59:14.799+0000] {taskinstance.py:1662} INFO - Exporting env vars: AIRFLOW_CTX_DAG_OWNER='airscholar' AIRFLOW_CTX_DAG_ID='user_automation' AIRFLOW_CTX_TASK_ID='stream_data_from_api' AIRFLOW_CTX_EXECUTION_DATE='2025-09-06T20:59:12.392001+00:00' AIRFLOW_CTX_TRY_NUMBER='1' AIRFLOW_CTX_DAG_RUN_ID='manual__2025-09-06T20:59:12.392001+00:00'
[2025-09-06T20:59:14.808+0000] {conn.py:380} INFO - <BrokerConnection node_id=bootstrap-0 host=broker:29092 <connecting> [IPv4 ('172.18.0.9', 29092)]>: connecting to broker:29092 [('172.18.0.9', 29092) IPv4]
[2025-09-06T20:59:14.809+0000] {conn.py:1205} INFO - Probing node bootstrap-0 broker version
[2025-09-06T20:59:14.811+0000] {conn.py:410} INFO - <BrokerConnection node_id=bootstrap-0 host=broker:29092 <connecting> [IPv4 ('172.18.0.9', 29092)]>: Connection complete.
[2025-09-06T20:59:14.922+0000] {conn.py:1267} INFO - Broker version identified as 2.5.0
[2025-09-06T20:59:14.923+0000] {conn.py:1268} INFO - Set configuration api_version=(2, 5, 0) to skip auto check_version requests on startup
[2025-09-06T20:59:15.559+0000] {kafka_stream.py:122} INFO - Sent user: greenostrich941
[2025-09-06T20:59:15.563+0000] {conn.py:380} INFO - <BrokerConnection node_id=1 host=broker:29092 <connecting> [IPv4 ('172.18.0.9', 29092)]>: connecting to broker:29092 [('172.18.0.9', 29092) IPv4]
[2025-09-06T20:59:15.564+0000] {conn.py:410} INFO - <BrokerConnection node_id=1 host=broker:29092 <connecting> [IPv4 ('172.18.0.9', 29092)]>: Connection complete.
[2025-09-06T20:59:15.565+0000] {conn.py:919} INFO - <BrokerConnection node_id=bootstrap-0 host=broker:29092 <connected> [IPv4 ('172.18.0.9', 29092)]>: Closing connection. 
[2025-09-06T20:59:21.647+0000] {kafka_stream.py:122} INFO - Sent user: angrycat143
[2025-09-06T20:59:27.294+0000] {kafka_stream.py:122} INFO - Sent user: brownfish535
[2025-09-06T20:59:32.813+0000] {kafka_stream.py:122} INFO - Sent user: bigostrich553
[2025-09-06T20:59:38.681+0000] {kafka_stream.py:122} INFO - Sent user: tinyfish202
[2025-09-06T20:59:44.435+0000] {kafka_stream.py:122} INFO - Sent user: heavypanda352
[2025-09-06T20:59:51.145+0000] {kafka_stream.py:122} INFO - Sent user: organicrabbit253
[2025-09-06T20:59:56.621+0000] {kafka_stream.py:122} INFO - Sent user: crazywolf446
[2025-09-06T21:00:02.204+0000] {kafka_stream.py:122} INFO - Sent user: beautifulwolf915
[2025-09-06T21:00:07.659+0000] {kafka_stream.py:122} INFO - Sent user: sadleopard738
[2025-09-06T21:00:13.262+0000] {kafka_stream.py:122} INFO - Sent user: silverrabbit679
[2025-09-06T21:00:18.894+0000] {kafka_stream.py:122} INFO - Sent user: purpleostrich375
[2025-09-06T21:00:24.466+0000] {kafka_stream.py:122} INFO - Sent user: lazybutterfly290
[2025-09-06T21:00:29.924+0000] {kafka_stream.py:122} INFO - Sent user: silverpeacock234
[2025-09-06T21:00:35.381+0000] {kafka_stream.py:122} INFO - Sent user: beautifulgoose452
[2025-09-06T21:00:41.420+0000] {kafka_stream.py:122} INFO - Sent user: blackpanda722
[2025-09-06T21:00:46.842+0000] {kafka_stream.py:122} INFO - Sent user: angryleopard453
[2025-09-06T21:00:52.367+0000] {kafka_stream.py:122} INFO - Sent user: yellowrabbit310
[2025-09-06T21:00:57.848+0000] {kafka_stream.py:122} INFO - Sent user: whiteostrich686
[2025-09-06T21:01:03.311+0000] {kafka_stream.py:122} INFO - Sent user: orangebear332
[2025-09-06T21:01:12.608+0000] {kafka_stream.py:122} INFO - Sent user: orangeswan303
[2025-09-06T21:01:19.023+0000] {kafka_stream.py:122} INFO - Sent user: orangeelephant656
[2025-09-06T21:01:29.426+0000] {kafka_stream.py:122} INFO - Sent user: yellowdog510
[2025-09-06T21:01:35.578+0000] {kafka_stream.py:122} INFO - Sent user: organicmouse211
[2025-09-06T21:01:40.241+0000] {local_task_job_runner.py:294} WARNING - State of this instance has been externally set to failed. Terminating instance.
[2025-09-06T21:01:40.274+0000] {process_utils.py:131} INFO - Sending 15 to group 311. PIDs of all processes in the group: [311]
[2025-09-06T21:01:40.287+0000] {process_utils.py:86} INFO - Sending the signal 15 to group 311
[2025-09-06T21:01:40.290+0000] {taskinstance.py:1632} ERROR - Received SIGTERM. Terminating subprocesses.
[2025-09-06T21:01:40.444+0000] {conn.py:919} INFO - <BrokerConnection node_id=1 host=broker:29092 <connected> [IPv4 ('172.18.0.9', 29092)]>: Closing connection. 
[2025-09-06T21:01:40.524+0000] {process_utils.py:79} INFO - Process psutil.Process(pid=311, status='terminated', exitcode=0, started='20:59:13') (311) terminated with exit code 0
