[2025-09-11T03:39:01.353+0000] {taskinstance.py:1159} INFO - Dependencies all met for dep_context=non-requeueable deps ti=<TaskInstance: spark_streaming_dag.run_streaming scheduled__2025-09-11T03:38:00+00:00 [queued]>
[2025-09-11T03:39:01.366+0000] {taskinstance.py:1159} INFO - Dependencies all met for dep_context=requeueable deps ti=<TaskInstance: spark_streaming_dag.run_streaming scheduled__2025-09-11T03:38:00+00:00 [queued]>
[2025-09-11T03:39:01.367+0000] {taskinstance.py:1361} INFO - Starting attempt 1 of 2
[2025-09-11T03:39:01.386+0000] {taskinstance.py:1382} INFO - Executing <Task(PythonOperator): run_streaming> on 2025-09-11 03:38:00+00:00
[2025-09-11T03:39:01.394+0000] {standard_task_runner.py:57} INFO - Started process 1012 to run task
[2025-09-11T03:39:01.399+0000] {standard_task_runner.py:84} INFO - Running: ['***', 'tasks', 'run', 'spark_streaming_dag', 'run_streaming', 'scheduled__2025-09-11T03:38:00+00:00', '--job-id', '36', '--raw', '--subdir', 'DAGS_FOLDER/streaming_dag.py', '--cfg-path', '/tmp/tmpq5kzp0ef']
[2025-09-11T03:39:01.403+0000] {standard_task_runner.py:85} INFO - Job 36: Subtask run_streaming
[2025-09-11T03:39:01.485+0000] {task_command.py:416} INFO - Running <TaskInstance: spark_streaming_dag.run_streaming scheduled__2025-09-11T03:38:00+00:00 [running]> on host 954b9572d0b9
[2025-09-11T03:39:01.633+0000] {taskinstance.py:1662} INFO - Exporting env vars: AIRFLOW_CTX_DAG_OWNER='***' AIRFLOW_CTX_DAG_ID='spark_streaming_dag' AIRFLOW_CTX_TASK_ID='run_streaming' AIRFLOW_CTX_EXECUTION_DATE='2025-09-11T03:38:00+00:00' AIRFLOW_CTX_TRY_NUMBER='1' AIRFLOW_CTX_DAG_RUN_ID='scheduled__2025-09-11T03:38:00+00:00'
[2025-09-11T03:39:13.006+0000] {spark_utils.py:25} INFO - Spark connection created successfully!
[2025-09-11T03:39:16.347+0000] {spark_utils.py:43} INFO - kafka dataframe created successfully
[2025-09-11T03:39:17.082+0000] {data_processing.py:49} INFO - Schema applied and JSON parsed.
[2025-09-11T03:39:17.134+0000] {data_processing.py:53} INFO - Dropped records with null id, email, or registered_date.
[2025-09-11T03:39:17.207+0000] {data_processing.py:61} INFO - Applied business rule validation.
[2025-09-11T03:39:17.232+0000] {data_processing.py:65} INFO - Deduplicated based on id.
[2025-09-11T03:39:17.365+0000] {cassandra_utils.py:21} ERROR - Could not create cassandra connection due to {}
[2025-09-11T03:39:17.366+0000] {python.py:194} INFO - Done. Returned value was: None
[2025-09-11T03:39:17.383+0000] {taskinstance.py:1400} INFO - Marking task as SUCCESS. dag_id=spark_streaming_dag, task_id=run_streaming, execution_date=20250911T033800, start_date=20250911T033901, end_date=20250911T033917
[2025-09-11T03:39:17.443+0000] {local_task_job_runner.py:228} INFO - Task exited with return code 0
[2025-09-11T03:39:17.471+0000] {taskinstance.py:2778} INFO - 0 downstream tasks scheduled from follow-on schedule check
