[2025-09-10T23:14:48.597+0000] {processor.py:157} INFO - Started process (PID=163) to work on /opt/airflow/dags/kafka_stream.py
[2025-09-10T23:14:48.613+0000] {processor.py:829} INFO - Processing file /opt/airflow/dags/kafka_stream.py for tasks to queue
[2025-09-10T23:14:48.616+0000] {logging_mixin.py:154} INFO - [2025-09-10T23:14:48.615+0000] {dagbag.py:536} INFO - Filling up the DagBag from /opt/airflow/dags/kafka_stream.py
[2025-09-10T23:14:48.790+0000] {processor.py:839} INFO - DAG(s) dict_keys(['user_automation']) retrieved from /opt/airflow/dags/kafka_stream.py
[2025-09-10T23:14:48.839+0000] {logging_mixin.py:154} INFO - [2025-09-10T23:14:48.839+0000] {dag.py:2941} INFO - Sync 1 DAGs
[2025-09-10T23:14:48.954+0000] {logging_mixin.py:154} INFO - [2025-09-10T23:14:48.954+0000] {dag.py:3722} INFO - Setting next_dagrun for user_automation to 2025-09-09T00:00:00+00:00, run_after=2025-09-10T00:00:00+00:00
[2025-09-10T23:14:49.005+0000] {processor.py:179} INFO - Processing /opt/airflow/dags/kafka_stream.py took 0.413 seconds
[2025-09-10T23:15:19.199+0000] {processor.py:157} INFO - Started process (PID=169) to work on /opt/airflow/dags/kafka_stream.py
[2025-09-10T23:15:19.200+0000] {processor.py:829} INFO - Processing file /opt/airflow/dags/kafka_stream.py for tasks to queue
[2025-09-10T23:15:19.202+0000] {logging_mixin.py:154} INFO - [2025-09-10T23:15:19.201+0000] {dagbag.py:536} INFO - Filling up the DagBag from /opt/airflow/dags/kafka_stream.py
[2025-09-10T23:15:19.284+0000] {processor.py:839} INFO - DAG(s) dict_keys(['user_automation']) retrieved from /opt/airflow/dags/kafka_stream.py
[2025-09-10T23:15:19.362+0000] {logging_mixin.py:154} INFO - [2025-09-10T23:15:19.361+0000] {dag.py:2941} INFO - Sync 1 DAGs
[2025-09-10T23:15:19.429+0000] {logging_mixin.py:154} INFO - [2025-09-10T23:15:19.428+0000] {dag.py:3722} INFO - Setting next_dagrun for user_automation to 2025-09-09T00:00:00+00:00, run_after=2025-09-10T00:00:00+00:00
[2025-09-10T23:15:19.526+0000] {processor.py:179} INFO - Processing /opt/airflow/dags/kafka_stream.py took 0.331 seconds
[2025-09-10T23:15:49.768+0000] {processor.py:157} INFO - Started process (PID=174) to work on /opt/airflow/dags/kafka_stream.py
[2025-09-10T23:15:49.769+0000] {processor.py:829} INFO - Processing file /opt/airflow/dags/kafka_stream.py for tasks to queue
[2025-09-10T23:15:49.771+0000] {logging_mixin.py:154} INFO - [2025-09-10T23:15:49.770+0000] {dagbag.py:536} INFO - Filling up the DagBag from /opt/airflow/dags/kafka_stream.py
[2025-09-10T23:15:49.858+0000] {processor.py:839} INFO - DAG(s) dict_keys(['user_automation']) retrieved from /opt/airflow/dags/kafka_stream.py
[2025-09-10T23:15:49.893+0000] {logging_mixin.py:154} INFO - [2025-09-10T23:15:49.893+0000] {dag.py:2941} INFO - Sync 1 DAGs
[2025-09-10T23:15:49.934+0000] {logging_mixin.py:154} INFO - [2025-09-10T23:15:49.934+0000] {dag.py:3722} INFO - Setting next_dagrun for user_automation to 2025-09-09T00:00:00+00:00, run_after=2025-09-10T00:00:00+00:00
[2025-09-10T23:15:49.986+0000] {processor.py:179} INFO - Processing /opt/airflow/dags/kafka_stream.py took 0.226 seconds
[2025-09-10T23:16:20.113+0000] {processor.py:157} INFO - Started process (PID=179) to work on /opt/airflow/dags/kafka_stream.py
[2025-09-10T23:16:20.116+0000] {processor.py:829} INFO - Processing file /opt/airflow/dags/kafka_stream.py for tasks to queue
[2025-09-10T23:16:20.118+0000] {logging_mixin.py:154} INFO - [2025-09-10T23:16:20.117+0000] {dagbag.py:536} INFO - Filling up the DagBag from /opt/airflow/dags/kafka_stream.py
[2025-09-10T23:16:20.205+0000] {processor.py:839} INFO - DAG(s) dict_keys(['user_automation']) retrieved from /opt/airflow/dags/kafka_stream.py
[2025-09-10T23:16:20.242+0000] {logging_mixin.py:154} INFO - [2025-09-10T23:16:20.242+0000] {dag.py:2941} INFO - Sync 1 DAGs
[2025-09-10T23:16:20.275+0000] {logging_mixin.py:154} INFO - [2025-09-10T23:16:20.275+0000] {dag.py:3722} INFO - Setting next_dagrun for user_automation to 2025-09-09T00:00:00+00:00, run_after=2025-09-10T00:00:00+00:00
[2025-09-10T23:16:20.304+0000] {processor.py:179} INFO - Processing /opt/airflow/dags/kafka_stream.py took 0.196 seconds
[2025-09-10T23:16:50.470+0000] {processor.py:157} INFO - Started process (PID=184) to work on /opt/airflow/dags/kafka_stream.py
[2025-09-10T23:16:50.471+0000] {processor.py:829} INFO - Processing file /opt/airflow/dags/kafka_stream.py for tasks to queue
[2025-09-10T23:16:50.473+0000] {logging_mixin.py:154} INFO - [2025-09-10T23:16:50.473+0000] {dagbag.py:536} INFO - Filling up the DagBag from /opt/airflow/dags/kafka_stream.py
[2025-09-10T23:16:50.603+0000] {processor.py:839} INFO - DAG(s) dict_keys(['user_automation']) retrieved from /opt/airflow/dags/kafka_stream.py
[2025-09-10T23:16:50.659+0000] {logging_mixin.py:154} INFO - [2025-09-10T23:16:50.659+0000] {dag.py:2941} INFO - Sync 1 DAGs
[2025-09-10T23:16:50.708+0000] {logging_mixin.py:154} INFO - [2025-09-10T23:16:50.708+0000] {dag.py:3722} INFO - Setting next_dagrun for user_automation to 2025-09-09T00:00:00+00:00, run_after=2025-09-10T00:00:00+00:00
[2025-09-10T23:16:50.756+0000] {processor.py:179} INFO - Processing /opt/airflow/dags/kafka_stream.py took 0.290 seconds
[2025-09-10T23:17:21.054+0000] {processor.py:157} INFO - Started process (PID=189) to work on /opt/airflow/dags/kafka_stream.py
[2025-09-10T23:17:21.055+0000] {processor.py:829} INFO - Processing file /opt/airflow/dags/kafka_stream.py for tasks to queue
[2025-09-10T23:17:21.057+0000] {logging_mixin.py:154} INFO - [2025-09-10T23:17:21.057+0000] {dagbag.py:536} INFO - Filling up the DagBag from /opt/airflow/dags/kafka_stream.py
[2025-09-10T23:17:21.149+0000] {processor.py:839} INFO - DAG(s) dict_keys(['user_automation']) retrieved from /opt/airflow/dags/kafka_stream.py
[2025-09-10T23:17:21.189+0000] {logging_mixin.py:154} INFO - [2025-09-10T23:17:21.189+0000] {dag.py:2941} INFO - Sync 1 DAGs
[2025-09-10T23:17:21.225+0000] {logging_mixin.py:154} INFO - [2025-09-10T23:17:21.224+0000] {dag.py:3722} INFO - Setting next_dagrun for user_automation to 2025-09-09T00:00:00+00:00, run_after=2025-09-10T00:00:00+00:00
[2025-09-10T23:17:21.258+0000] {processor.py:179} INFO - Processing /opt/airflow/dags/kafka_stream.py took 0.208 seconds
[2025-09-10T23:17:51.429+0000] {processor.py:157} INFO - Started process (PID=194) to work on /opt/airflow/dags/kafka_stream.py
[2025-09-10T23:17:51.430+0000] {processor.py:829} INFO - Processing file /opt/airflow/dags/kafka_stream.py for tasks to queue
[2025-09-10T23:17:51.431+0000] {logging_mixin.py:154} INFO - [2025-09-10T23:17:51.431+0000] {dagbag.py:536} INFO - Filling up the DagBag from /opt/airflow/dags/kafka_stream.py
[2025-09-10T23:17:51.492+0000] {processor.py:839} INFO - DAG(s) dict_keys(['user_automation']) retrieved from /opt/airflow/dags/kafka_stream.py
[2025-09-10T23:17:51.522+0000] {logging_mixin.py:154} INFO - [2025-09-10T23:17:51.522+0000] {dag.py:2941} INFO - Sync 1 DAGs
[2025-09-10T23:17:51.552+0000] {logging_mixin.py:154} INFO - [2025-09-10T23:17:51.552+0000] {dag.py:3722} INFO - Setting next_dagrun for user_automation to 2025-09-09T00:00:00+00:00, run_after=2025-09-10T00:00:00+00:00
[2025-09-10T23:17:51.577+0000] {processor.py:179} INFO - Processing /opt/airflow/dags/kafka_stream.py took 0.151 seconds
[2025-09-10T23:18:21.691+0000] {processor.py:157} INFO - Started process (PID=199) to work on /opt/airflow/dags/kafka_stream.py
[2025-09-10T23:18:21.692+0000] {processor.py:829} INFO - Processing file /opt/airflow/dags/kafka_stream.py for tasks to queue
[2025-09-10T23:18:21.712+0000] {logging_mixin.py:154} INFO - [2025-09-10T23:18:21.693+0000] {dagbag.py:536} INFO - Filling up the DagBag from /opt/airflow/dags/kafka_stream.py
[2025-09-10T23:18:21.903+0000] {processor.py:839} INFO - DAG(s) dict_keys(['user_automation']) retrieved from /opt/airflow/dags/kafka_stream.py
[2025-09-10T23:18:22.009+0000] {logging_mixin.py:154} INFO - [2025-09-10T23:18:22.008+0000] {dag.py:2941} INFO - Sync 1 DAGs
[2025-09-10T23:18:22.072+0000] {logging_mixin.py:154} INFO - [2025-09-10T23:18:22.072+0000] {dag.py:3722} INFO - Setting next_dagrun for user_automation to 2025-09-09T00:00:00+00:00, run_after=2025-09-10T00:00:00+00:00
[2025-09-10T23:18:22.117+0000] {processor.py:179} INFO - Processing /opt/airflow/dags/kafka_stream.py took 0.435 seconds
[2025-09-10T23:18:52.288+0000] {processor.py:157} INFO - Started process (PID=204) to work on /opt/airflow/dags/kafka_stream.py
[2025-09-10T23:18:52.289+0000] {processor.py:829} INFO - Processing file /opt/airflow/dags/kafka_stream.py for tasks to queue
[2025-09-10T23:18:52.292+0000] {logging_mixin.py:154} INFO - [2025-09-10T23:18:52.290+0000] {dagbag.py:536} INFO - Filling up the DagBag from /opt/airflow/dags/kafka_stream.py
[2025-09-10T23:18:52.356+0000] {processor.py:839} INFO - DAG(s) dict_keys(['user_automation']) retrieved from /opt/airflow/dags/kafka_stream.py
[2025-09-10T23:18:52.395+0000] {logging_mixin.py:154} INFO - [2025-09-10T23:18:52.395+0000] {dag.py:2941} INFO - Sync 1 DAGs
[2025-09-10T23:18:52.425+0000] {logging_mixin.py:154} INFO - [2025-09-10T23:18:52.425+0000] {dag.py:3722} INFO - Setting next_dagrun for user_automation to 2025-09-09T00:00:00+00:00, run_after=2025-09-10T00:00:00+00:00
[2025-09-10T23:18:52.462+0000] {processor.py:179} INFO - Processing /opt/airflow/dags/kafka_stream.py took 0.179 seconds
[2025-09-10T23:19:22.639+0000] {processor.py:157} INFO - Started process (PID=209) to work on /opt/airflow/dags/kafka_stream.py
[2025-09-10T23:19:22.641+0000] {processor.py:829} INFO - Processing file /opt/airflow/dags/kafka_stream.py for tasks to queue
[2025-09-10T23:19:22.642+0000] {logging_mixin.py:154} INFO - [2025-09-10T23:19:22.642+0000] {dagbag.py:536} INFO - Filling up the DagBag from /opt/airflow/dags/kafka_stream.py
[2025-09-10T23:19:22.708+0000] {processor.py:839} INFO - DAG(s) dict_keys(['user_automation']) retrieved from /opt/airflow/dags/kafka_stream.py
[2025-09-10T23:19:22.741+0000] {logging_mixin.py:154} INFO - [2025-09-10T23:19:22.741+0000] {dag.py:2941} INFO - Sync 1 DAGs
[2025-09-10T23:19:22.779+0000] {logging_mixin.py:154} INFO - [2025-09-10T23:19:22.778+0000] {dag.py:3722} INFO - Setting next_dagrun for user_automation to 2025-09-09T00:00:00+00:00, run_after=2025-09-10T00:00:00+00:00
[2025-09-10T23:19:22.890+0000] {processor.py:179} INFO - Processing /opt/airflow/dags/kafka_stream.py took 0.254 seconds
[2025-09-10T23:19:53.160+0000] {processor.py:157} INFO - Started process (PID=214) to work on /opt/airflow/dags/kafka_stream.py
[2025-09-10T23:19:53.162+0000] {processor.py:829} INFO - Processing file /opt/airflow/dags/kafka_stream.py for tasks to queue
[2025-09-10T23:19:53.164+0000] {logging_mixin.py:154} INFO - [2025-09-10T23:19:53.163+0000] {dagbag.py:536} INFO - Filling up the DagBag from /opt/airflow/dags/kafka_stream.py
[2025-09-10T23:19:53.235+0000] {processor.py:839} INFO - DAG(s) dict_keys(['user_automation']) retrieved from /opt/airflow/dags/kafka_stream.py
[2025-09-10T23:19:53.266+0000] {logging_mixin.py:154} INFO - [2025-09-10T23:19:53.266+0000] {dag.py:2941} INFO - Sync 1 DAGs
[2025-09-10T23:19:53.296+0000] {logging_mixin.py:154} INFO - [2025-09-10T23:19:53.295+0000] {dag.py:3722} INFO - Setting next_dagrun for user_automation to 2025-09-09T00:00:00+00:00, run_after=2025-09-10T00:00:00+00:00
[2025-09-10T23:19:53.343+0000] {processor.py:179} INFO - Processing /opt/airflow/dags/kafka_stream.py took 0.187 seconds
[2025-09-10T23:20:23.503+0000] {processor.py:157} INFO - Started process (PID=219) to work on /opt/airflow/dags/kafka_stream.py
[2025-09-10T23:20:23.505+0000] {processor.py:829} INFO - Processing file /opt/airflow/dags/kafka_stream.py for tasks to queue
[2025-09-10T23:20:23.507+0000] {logging_mixin.py:154} INFO - [2025-09-10T23:20:23.507+0000] {dagbag.py:536} INFO - Filling up the DagBag from /opt/airflow/dags/kafka_stream.py
[2025-09-10T23:20:23.578+0000] {processor.py:839} INFO - DAG(s) dict_keys(['user_automation']) retrieved from /opt/airflow/dags/kafka_stream.py
[2025-09-10T23:20:23.619+0000] {logging_mixin.py:154} INFO - [2025-09-10T23:20:23.619+0000] {dag.py:2941} INFO - Sync 1 DAGs
[2025-09-10T23:20:23.652+0000] {logging_mixin.py:154} INFO - [2025-09-10T23:20:23.652+0000] {dag.py:3722} INFO - Setting next_dagrun for user_automation to 2025-09-09T00:00:00+00:00, run_after=2025-09-10T00:00:00+00:00
[2025-09-10T23:20:23.681+0000] {processor.py:179} INFO - Processing /opt/airflow/dags/kafka_stream.py took 0.183 seconds
[2025-09-10T23:20:53.971+0000] {processor.py:157} INFO - Started process (PID=224) to work on /opt/airflow/dags/kafka_stream.py
[2025-09-10T23:20:53.973+0000] {processor.py:829} INFO - Processing file /opt/airflow/dags/kafka_stream.py for tasks to queue
[2025-09-10T23:20:53.975+0000] {logging_mixin.py:154} INFO - [2025-09-10T23:20:53.974+0000] {dagbag.py:536} INFO - Filling up the DagBag from /opt/airflow/dags/kafka_stream.py
[2025-09-10T23:20:54.045+0000] {processor.py:839} INFO - DAG(s) dict_keys(['user_automation']) retrieved from /opt/airflow/dags/kafka_stream.py
[2025-09-10T23:20:54.075+0000] {logging_mixin.py:154} INFO - [2025-09-10T23:20:54.075+0000] {dag.py:2941} INFO - Sync 1 DAGs
[2025-09-10T23:20:54.109+0000] {logging_mixin.py:154} INFO - [2025-09-10T23:20:54.109+0000] {dag.py:3722} INFO - Setting next_dagrun for user_automation to 2025-09-09T00:00:00+00:00, run_after=2025-09-10T00:00:00+00:00
[2025-09-10T23:20:54.136+0000] {processor.py:179} INFO - Processing /opt/airflow/dags/kafka_stream.py took 0.169 seconds
[2025-09-10T23:21:24.301+0000] {processor.py:157} INFO - Started process (PID=229) to work on /opt/airflow/dags/kafka_stream.py
[2025-09-10T23:21:24.303+0000] {processor.py:829} INFO - Processing file /opt/airflow/dags/kafka_stream.py for tasks to queue
[2025-09-10T23:21:24.305+0000] {logging_mixin.py:154} INFO - [2025-09-10T23:21:24.305+0000] {dagbag.py:536} INFO - Filling up the DagBag from /opt/airflow/dags/kafka_stream.py
[2025-09-10T23:21:24.384+0000] {processor.py:839} INFO - DAG(s) dict_keys(['user_automation']) retrieved from /opt/airflow/dags/kafka_stream.py
[2025-09-10T23:21:24.419+0000] {logging_mixin.py:154} INFO - [2025-09-10T23:21:24.418+0000] {dag.py:2941} INFO - Sync 1 DAGs
[2025-09-10T23:21:24.450+0000] {logging_mixin.py:154} INFO - [2025-09-10T23:21:24.450+0000] {dag.py:3722} INFO - Setting next_dagrun for user_automation to 2025-09-09T00:00:00+00:00, run_after=2025-09-10T00:00:00+00:00
[2025-09-10T23:21:24.477+0000] {processor.py:179} INFO - Processing /opt/airflow/dags/kafka_stream.py took 0.181 seconds
[2025-09-10T23:21:54.650+0000] {processor.py:157} INFO - Started process (PID=234) to work on /opt/airflow/dags/kafka_stream.py
[2025-09-10T23:21:54.651+0000] {processor.py:829} INFO - Processing file /opt/airflow/dags/kafka_stream.py for tasks to queue
[2025-09-10T23:21:54.653+0000] {logging_mixin.py:154} INFO - [2025-09-10T23:21:54.653+0000] {dagbag.py:536} INFO - Filling up the DagBag from /opt/airflow/dags/kafka_stream.py
[2025-09-10T23:21:54.715+0000] {processor.py:839} INFO - DAG(s) dict_keys(['user_automation']) retrieved from /opt/airflow/dags/kafka_stream.py
[2025-09-10T23:21:54.757+0000] {logging_mixin.py:154} INFO - [2025-09-10T23:21:54.756+0000] {dag.py:2941} INFO - Sync 1 DAGs
[2025-09-10T23:21:54.792+0000] {logging_mixin.py:154} INFO - [2025-09-10T23:21:54.791+0000] {dag.py:3722} INFO - Setting next_dagrun for user_automation to 2025-09-09T00:00:00+00:00, run_after=2025-09-10T00:00:00+00:00
[2025-09-10T23:21:54.865+0000] {processor.py:179} INFO - Processing /opt/airflow/dags/kafka_stream.py took 0.217 seconds
[2025-09-10T23:22:24.950+0000] {processor.py:157} INFO - Started process (PID=239) to work on /opt/airflow/dags/kafka_stream.py
[2025-09-10T23:22:24.952+0000] {processor.py:829} INFO - Processing file /opt/airflow/dags/kafka_stream.py for tasks to queue
[2025-09-10T23:22:24.954+0000] {logging_mixin.py:154} INFO - [2025-09-10T23:22:24.954+0000] {dagbag.py:536} INFO - Filling up the DagBag from /opt/airflow/dags/kafka_stream.py
[2025-09-10T23:22:25.043+0000] {processor.py:839} INFO - DAG(s) dict_keys(['user_automation']) retrieved from /opt/airflow/dags/kafka_stream.py
[2025-09-10T23:22:25.090+0000] {logging_mixin.py:154} INFO - [2025-09-10T23:22:25.089+0000] {dag.py:2941} INFO - Sync 1 DAGs
[2025-09-10T23:22:25.137+0000] {logging_mixin.py:154} INFO - [2025-09-10T23:22:25.136+0000] {dag.py:3722} INFO - Setting next_dagrun for user_automation to 2025-09-09T00:00:00+00:00, run_after=2025-09-10T00:00:00+00:00
[2025-09-10T23:22:25.179+0000] {processor.py:179} INFO - Processing /opt/airflow/dags/kafka_stream.py took 0.233 seconds
[2025-09-10T23:22:55.336+0000] {processor.py:157} INFO - Started process (PID=244) to work on /opt/airflow/dags/kafka_stream.py
[2025-09-10T23:22:55.337+0000] {processor.py:829} INFO - Processing file /opt/airflow/dags/kafka_stream.py for tasks to queue
[2025-09-10T23:22:55.339+0000] {logging_mixin.py:154} INFO - [2025-09-10T23:22:55.338+0000] {dagbag.py:536} INFO - Filling up the DagBag from /opt/airflow/dags/kafka_stream.py
[2025-09-10T23:22:55.402+0000] {processor.py:839} INFO - DAG(s) dict_keys(['user_automation']) retrieved from /opt/airflow/dags/kafka_stream.py
[2025-09-10T23:22:55.433+0000] {logging_mixin.py:154} INFO - [2025-09-10T23:22:55.433+0000] {dag.py:2941} INFO - Sync 1 DAGs
[2025-09-10T23:22:55.460+0000] {logging_mixin.py:154} INFO - [2025-09-10T23:22:55.460+0000] {dag.py:3722} INFO - Setting next_dagrun for user_automation to 2025-09-09T00:00:00+00:00, run_after=2025-09-10T00:00:00+00:00
[2025-09-10T23:22:55.486+0000] {processor.py:179} INFO - Processing /opt/airflow/dags/kafka_stream.py took 0.155 seconds
[2025-09-10T23:23:25.656+0000] {processor.py:157} INFO - Started process (PID=249) to work on /opt/airflow/dags/kafka_stream.py
[2025-09-10T23:23:25.658+0000] {processor.py:829} INFO - Processing file /opt/airflow/dags/kafka_stream.py for tasks to queue
[2025-09-10T23:23:25.660+0000] {logging_mixin.py:154} INFO - [2025-09-10T23:23:25.659+0000] {dagbag.py:536} INFO - Filling up the DagBag from /opt/airflow/dags/kafka_stream.py
[2025-09-10T23:23:25.731+0000] {processor.py:839} INFO - DAG(s) dict_keys(['user_automation']) retrieved from /opt/airflow/dags/kafka_stream.py
[2025-09-10T23:23:25.762+0000] {logging_mixin.py:154} INFO - [2025-09-10T23:23:25.762+0000] {dag.py:2941} INFO - Sync 1 DAGs
[2025-09-10T23:23:25.796+0000] {logging_mixin.py:154} INFO - [2025-09-10T23:23:25.796+0000] {dag.py:3722} INFO - Setting next_dagrun for user_automation to 2025-09-09T00:00:00+00:00, run_after=2025-09-10T00:00:00+00:00
[2025-09-10T23:23:25.818+0000] {processor.py:179} INFO - Processing /opt/airflow/dags/kafka_stream.py took 0.166 seconds
[2025-09-10T23:23:56.010+0000] {processor.py:157} INFO - Started process (PID=254) to work on /opt/airflow/dags/kafka_stream.py
[2025-09-10T23:23:56.012+0000] {processor.py:829} INFO - Processing file /opt/airflow/dags/kafka_stream.py for tasks to queue
[2025-09-10T23:23:56.014+0000] {logging_mixin.py:154} INFO - [2025-09-10T23:23:56.013+0000] {dagbag.py:536} INFO - Filling up the DagBag from /opt/airflow/dags/kafka_stream.py
[2025-09-10T23:23:56.073+0000] {processor.py:839} INFO - DAG(s) dict_keys(['user_automation']) retrieved from /opt/airflow/dags/kafka_stream.py
[2025-09-10T23:23:56.103+0000] {logging_mixin.py:154} INFO - [2025-09-10T23:23:56.103+0000] {dag.py:2941} INFO - Sync 1 DAGs
[2025-09-10T23:23:56.129+0000] {logging_mixin.py:154} INFO - [2025-09-10T23:23:56.129+0000] {dag.py:3722} INFO - Setting next_dagrun for user_automation to 2025-09-09T00:00:00+00:00, run_after=2025-09-10T00:00:00+00:00
[2025-09-10T23:23:56.153+0000] {processor.py:179} INFO - Processing /opt/airflow/dags/kafka_stream.py took 0.146 seconds
[2025-09-10T23:24:26.315+0000] {processor.py:157} INFO - Started process (PID=259) to work on /opt/airflow/dags/kafka_stream.py
[2025-09-10T23:24:26.316+0000] {processor.py:829} INFO - Processing file /opt/airflow/dags/kafka_stream.py for tasks to queue
[2025-09-10T23:24:26.318+0000] {logging_mixin.py:154} INFO - [2025-09-10T23:24:26.317+0000] {dagbag.py:536} INFO - Filling up the DagBag from /opt/airflow/dags/kafka_stream.py
[2025-09-10T23:24:26.379+0000] {processor.py:839} INFO - DAG(s) dict_keys(['user_automation']) retrieved from /opt/airflow/dags/kafka_stream.py
[2025-09-10T23:24:26.409+0000] {logging_mixin.py:154} INFO - [2025-09-10T23:24:26.409+0000] {dag.py:2941} INFO - Sync 1 DAGs
[2025-09-10T23:24:26.438+0000] {logging_mixin.py:154} INFO - [2025-09-10T23:24:26.438+0000] {dag.py:3722} INFO - Setting next_dagrun for user_automation to 2025-09-09T00:00:00+00:00, run_after=2025-09-10T00:00:00+00:00
[2025-09-10T23:24:26.462+0000] {processor.py:179} INFO - Processing /opt/airflow/dags/kafka_stream.py took 0.150 seconds
[2025-09-10T23:24:56.616+0000] {processor.py:157} INFO - Started process (PID=264) to work on /opt/airflow/dags/kafka_stream.py
[2025-09-10T23:24:56.618+0000] {processor.py:829} INFO - Processing file /opt/airflow/dags/kafka_stream.py for tasks to queue
[2025-09-10T23:24:56.620+0000] {logging_mixin.py:154} INFO - [2025-09-10T23:24:56.619+0000] {dagbag.py:536} INFO - Filling up the DagBag from /opt/airflow/dags/kafka_stream.py
[2025-09-10T23:24:56.692+0000] {processor.py:839} INFO - DAG(s) dict_keys(['user_automation']) retrieved from /opt/airflow/dags/kafka_stream.py
[2025-09-10T23:24:56.720+0000] {logging_mixin.py:154} INFO - [2025-09-10T23:24:56.719+0000] {dag.py:2941} INFO - Sync 1 DAGs
[2025-09-10T23:24:56.747+0000] {logging_mixin.py:154} INFO - [2025-09-10T23:24:56.747+0000] {dag.py:3722} INFO - Setting next_dagrun for user_automation to 2025-09-09T00:00:00+00:00, run_after=2025-09-10T00:00:00+00:00
[2025-09-10T23:24:56.771+0000] {processor.py:179} INFO - Processing /opt/airflow/dags/kafka_stream.py took 0.158 seconds
[2025-09-10T23:25:26.836+0000] {processor.py:157} INFO - Started process (PID=269) to work on /opt/airflow/dags/kafka_stream.py
[2025-09-10T23:25:26.837+0000] {processor.py:829} INFO - Processing file /opt/airflow/dags/kafka_stream.py for tasks to queue
[2025-09-10T23:25:26.839+0000] {logging_mixin.py:154} INFO - [2025-09-10T23:25:26.838+0000] {dagbag.py:536} INFO - Filling up the DagBag from /opt/airflow/dags/kafka_stream.py
[2025-09-10T23:25:26.922+0000] {processor.py:839} INFO - DAG(s) dict_keys(['user_automation']) retrieved from /opt/airflow/dags/kafka_stream.py
[2025-09-10T23:25:26.953+0000] {logging_mixin.py:154} INFO - [2025-09-10T23:25:26.953+0000] {dag.py:2941} INFO - Sync 1 DAGs
[2025-09-10T23:25:26.979+0000] {logging_mixin.py:154} INFO - [2025-09-10T23:25:26.979+0000] {dag.py:3722} INFO - Setting next_dagrun for user_automation to 2025-09-09T00:00:00+00:00, run_after=2025-09-10T00:00:00+00:00
[2025-09-10T23:25:27.003+0000] {processor.py:179} INFO - Processing /opt/airflow/dags/kafka_stream.py took 0.173 seconds
[2025-09-10T23:25:57.099+0000] {processor.py:157} INFO - Started process (PID=274) to work on /opt/airflow/dags/kafka_stream.py
[2025-09-10T23:25:57.100+0000] {processor.py:829} INFO - Processing file /opt/airflow/dags/kafka_stream.py for tasks to queue
[2025-09-10T23:25:57.101+0000] {logging_mixin.py:154} INFO - [2025-09-10T23:25:57.101+0000] {dagbag.py:536} INFO - Filling up the DagBag from /opt/airflow/dags/kafka_stream.py
[2025-09-10T23:25:57.162+0000] {processor.py:839} INFO - DAG(s) dict_keys(['user_automation']) retrieved from /opt/airflow/dags/kafka_stream.py
[2025-09-10T23:25:57.190+0000] {logging_mixin.py:154} INFO - [2025-09-10T23:25:57.190+0000] {dag.py:2941} INFO - Sync 1 DAGs
[2025-09-10T23:25:57.217+0000] {logging_mixin.py:154} INFO - [2025-09-10T23:25:57.217+0000] {dag.py:3722} INFO - Setting next_dagrun for user_automation to 2025-09-09T00:00:00+00:00, run_after=2025-09-10T00:00:00+00:00
[2025-09-10T23:25:57.240+0000] {processor.py:179} INFO - Processing /opt/airflow/dags/kafka_stream.py took 0.144 seconds
[2025-09-10T23:26:27.289+0000] {processor.py:157} INFO - Started process (PID=279) to work on /opt/airflow/dags/kafka_stream.py
[2025-09-10T23:26:27.290+0000] {processor.py:829} INFO - Processing file /opt/airflow/dags/kafka_stream.py for tasks to queue
[2025-09-10T23:26:27.292+0000] {logging_mixin.py:154} INFO - [2025-09-10T23:26:27.291+0000] {dagbag.py:536} INFO - Filling up the DagBag from /opt/airflow/dags/kafka_stream.py
[2025-09-10T23:26:27.374+0000] {processor.py:839} INFO - DAG(s) dict_keys(['user_automation']) retrieved from /opt/airflow/dags/kafka_stream.py
[2025-09-10T23:26:27.408+0000] {logging_mixin.py:154} INFO - [2025-09-10T23:26:27.408+0000] {dag.py:2941} INFO - Sync 1 DAGs
[2025-09-10T23:26:27.436+0000] {logging_mixin.py:154} INFO - [2025-09-10T23:26:27.436+0000] {dag.py:3722} INFO - Setting next_dagrun for user_automation to 2025-09-09T00:00:00+00:00, run_after=2025-09-10T00:00:00+00:00
[2025-09-10T23:26:27.457+0000] {processor.py:179} INFO - Processing /opt/airflow/dags/kafka_stream.py took 0.172 seconds
[2025-09-10T23:26:57.576+0000] {processor.py:157} INFO - Started process (PID=284) to work on /opt/airflow/dags/kafka_stream.py
[2025-09-10T23:26:57.577+0000] {processor.py:829} INFO - Processing file /opt/airflow/dags/kafka_stream.py for tasks to queue
[2025-09-10T23:26:57.579+0000] {logging_mixin.py:154} INFO - [2025-09-10T23:26:57.578+0000] {dagbag.py:536} INFO - Filling up the DagBag from /opt/airflow/dags/kafka_stream.py
[2025-09-10T23:26:57.643+0000] {processor.py:839} INFO - DAG(s) dict_keys(['user_automation']) retrieved from /opt/airflow/dags/kafka_stream.py
[2025-09-10T23:26:57.673+0000] {logging_mixin.py:154} INFO - [2025-09-10T23:26:57.673+0000] {dag.py:2941} INFO - Sync 1 DAGs
[2025-09-10T23:26:57.699+0000] {logging_mixin.py:154} INFO - [2025-09-10T23:26:57.699+0000] {dag.py:3722} INFO - Setting next_dagrun for user_automation to 2025-09-09T00:00:00+00:00, run_after=2025-09-10T00:00:00+00:00
[2025-09-10T23:26:57.723+0000] {processor.py:179} INFO - Processing /opt/airflow/dags/kafka_stream.py took 0.150 seconds
[2025-09-10T23:27:27.888+0000] {processor.py:157} INFO - Started process (PID=289) to work on /opt/airflow/dags/kafka_stream.py
[2025-09-10T23:27:27.889+0000] {processor.py:829} INFO - Processing file /opt/airflow/dags/kafka_stream.py for tasks to queue
[2025-09-10T23:27:27.891+0000] {logging_mixin.py:154} INFO - [2025-09-10T23:27:27.890+0000] {dagbag.py:536} INFO - Filling up the DagBag from /opt/airflow/dags/kafka_stream.py
[2025-09-10T23:27:27.957+0000] {processor.py:839} INFO - DAG(s) dict_keys(['user_automation']) retrieved from /opt/airflow/dags/kafka_stream.py
[2025-09-10T23:27:27.986+0000] {logging_mixin.py:154} INFO - [2025-09-10T23:27:27.985+0000] {dag.py:2941} INFO - Sync 1 DAGs
[2025-09-10T23:27:28.013+0000] {logging_mixin.py:154} INFO - [2025-09-10T23:27:28.013+0000] {dag.py:3722} INFO - Setting next_dagrun for user_automation to 2025-09-09T00:00:00+00:00, run_after=2025-09-10T00:00:00+00:00
[2025-09-10T23:27:28.036+0000] {processor.py:179} INFO - Processing /opt/airflow/dags/kafka_stream.py took 0.151 seconds
[2025-09-10T23:27:58.149+0000] {processor.py:157} INFO - Started process (PID=294) to work on /opt/airflow/dags/kafka_stream.py
[2025-09-10T23:27:58.150+0000] {processor.py:829} INFO - Processing file /opt/airflow/dags/kafka_stream.py for tasks to queue
[2025-09-10T23:27:58.151+0000] {logging_mixin.py:154} INFO - [2025-09-10T23:27:58.151+0000] {dagbag.py:536} INFO - Filling up the DagBag from /opt/airflow/dags/kafka_stream.py
[2025-09-10T23:27:58.211+0000] {processor.py:839} INFO - DAG(s) dict_keys(['user_automation']) retrieved from /opt/airflow/dags/kafka_stream.py
[2025-09-10T23:27:58.242+0000] {logging_mixin.py:154} INFO - [2025-09-10T23:27:58.242+0000] {dag.py:2941} INFO - Sync 1 DAGs
[2025-09-10T23:27:58.271+0000] {logging_mixin.py:154} INFO - [2025-09-10T23:27:58.271+0000] {dag.py:3722} INFO - Setting next_dagrun for user_automation to 2025-09-09T00:00:00+00:00, run_after=2025-09-10T00:00:00+00:00
[2025-09-10T23:27:58.294+0000] {processor.py:179} INFO - Processing /opt/airflow/dags/kafka_stream.py took 0.148 seconds
[2025-09-10T23:28:28.361+0000] {processor.py:157} INFO - Started process (PID=299) to work on /opt/airflow/dags/kafka_stream.py
[2025-09-10T23:28:28.362+0000] {processor.py:829} INFO - Processing file /opt/airflow/dags/kafka_stream.py for tasks to queue
[2025-09-10T23:28:28.364+0000] {logging_mixin.py:154} INFO - [2025-09-10T23:28:28.363+0000] {dagbag.py:536} INFO - Filling up the DagBag from /opt/airflow/dags/kafka_stream.py
[2025-09-10T23:28:28.425+0000] {processor.py:839} INFO - DAG(s) dict_keys(['user_automation']) retrieved from /opt/airflow/dags/kafka_stream.py
[2025-09-10T23:28:28.454+0000] {logging_mixin.py:154} INFO - [2025-09-10T23:28:28.454+0000] {dag.py:2941} INFO - Sync 1 DAGs
[2025-09-10T23:28:28.486+0000] {logging_mixin.py:154} INFO - [2025-09-10T23:28:28.486+0000] {dag.py:3722} INFO - Setting next_dagrun for user_automation to 2025-09-09T00:00:00+00:00, run_after=2025-09-10T00:00:00+00:00
[2025-09-10T23:28:28.508+0000] {processor.py:179} INFO - Processing /opt/airflow/dags/kafka_stream.py took 0.150 seconds
[2025-09-10T23:28:58.605+0000] {processor.py:157} INFO - Started process (PID=304) to work on /opt/airflow/dags/kafka_stream.py
[2025-09-10T23:28:58.606+0000] {processor.py:829} INFO - Processing file /opt/airflow/dags/kafka_stream.py for tasks to queue
[2025-09-10T23:28:58.608+0000] {logging_mixin.py:154} INFO - [2025-09-10T23:28:58.607+0000] {dagbag.py:536} INFO - Filling up the DagBag from /opt/airflow/dags/kafka_stream.py
[2025-09-10T23:28:58.673+0000] {processor.py:839} INFO - DAG(s) dict_keys(['user_automation']) retrieved from /opt/airflow/dags/kafka_stream.py
[2025-09-10T23:28:58.703+0000] {logging_mixin.py:154} INFO - [2025-09-10T23:28:58.703+0000] {dag.py:2941} INFO - Sync 1 DAGs
[2025-09-10T23:28:58.732+0000] {logging_mixin.py:154} INFO - [2025-09-10T23:28:58.731+0000] {dag.py:3722} INFO - Setting next_dagrun for user_automation to 2025-09-09T00:00:00+00:00, run_after=2025-09-10T00:00:00+00:00
[2025-09-10T23:28:58.756+0000] {processor.py:179} INFO - Processing /opt/airflow/dags/kafka_stream.py took 0.155 seconds
[2025-09-10T23:29:28.915+0000] {processor.py:157} INFO - Started process (PID=309) to work on /opt/airflow/dags/kafka_stream.py
[2025-09-10T23:29:28.916+0000] {processor.py:829} INFO - Processing file /opt/airflow/dags/kafka_stream.py for tasks to queue
[2025-09-10T23:29:28.918+0000] {logging_mixin.py:154} INFO - [2025-09-10T23:29:28.918+0000] {dagbag.py:536} INFO - Filling up the DagBag from /opt/airflow/dags/kafka_stream.py
[2025-09-10T23:29:28.974+0000] {processor.py:839} INFO - DAG(s) dict_keys(['user_automation']) retrieved from /opt/airflow/dags/kafka_stream.py
[2025-09-10T23:29:29.007+0000] {logging_mixin.py:154} INFO - [2025-09-10T23:29:29.007+0000] {dag.py:2941} INFO - Sync 1 DAGs
[2025-09-10T23:29:29.035+0000] {logging_mixin.py:154} INFO - [2025-09-10T23:29:29.035+0000] {dag.py:3722} INFO - Setting next_dagrun for user_automation to 2025-09-09T00:00:00+00:00, run_after=2025-09-10T00:00:00+00:00
[2025-09-10T23:29:29.057+0000] {processor.py:179} INFO - Processing /opt/airflow/dags/kafka_stream.py took 0.144 seconds
[2025-09-10T23:29:59.224+0000] {processor.py:157} INFO - Started process (PID=314) to work on /opt/airflow/dags/kafka_stream.py
[2025-09-10T23:29:59.225+0000] {processor.py:829} INFO - Processing file /opt/airflow/dags/kafka_stream.py for tasks to queue
[2025-09-10T23:29:59.227+0000] {logging_mixin.py:154} INFO - [2025-09-10T23:29:59.226+0000] {dagbag.py:536} INFO - Filling up the DagBag from /opt/airflow/dags/kafka_stream.py
[2025-09-10T23:29:59.288+0000] {processor.py:839} INFO - DAG(s) dict_keys(['user_automation']) retrieved from /opt/airflow/dags/kafka_stream.py
[2025-09-10T23:29:59.317+0000] {logging_mixin.py:154} INFO - [2025-09-10T23:29:59.317+0000] {dag.py:2941} INFO - Sync 1 DAGs
[2025-09-10T23:29:59.351+0000] {logging_mixin.py:154} INFO - [2025-09-10T23:29:59.351+0000] {dag.py:3722} INFO - Setting next_dagrun for user_automation to 2025-09-09T00:00:00+00:00, run_after=2025-09-10T00:00:00+00:00
[2025-09-10T23:29:59.375+0000] {processor.py:179} INFO - Processing /opt/airflow/dags/kafka_stream.py took 0.154 seconds
[2025-09-10T23:30:29.526+0000] {processor.py:157} INFO - Started process (PID=319) to work on /opt/airflow/dags/kafka_stream.py
[2025-09-10T23:30:29.528+0000] {processor.py:829} INFO - Processing file /opt/airflow/dags/kafka_stream.py for tasks to queue
[2025-09-10T23:30:29.529+0000] {logging_mixin.py:154} INFO - [2025-09-10T23:30:29.529+0000] {dagbag.py:536} INFO - Filling up the DagBag from /opt/airflow/dags/kafka_stream.py
[2025-09-10T23:30:29.606+0000] {processor.py:839} INFO - DAG(s) dict_keys(['user_automation']) retrieved from /opt/airflow/dags/kafka_stream.py
[2025-09-10T23:30:29.634+0000] {logging_mixin.py:154} INFO - [2025-09-10T23:30:29.633+0000] {dag.py:2941} INFO - Sync 1 DAGs
[2025-09-10T23:30:29.664+0000] {logging_mixin.py:154} INFO - [2025-09-10T23:30:29.664+0000] {dag.py:3722} INFO - Setting next_dagrun for user_automation to 2025-09-09T00:00:00+00:00, run_after=2025-09-10T00:00:00+00:00
[2025-09-10T23:30:29.689+0000] {processor.py:179} INFO - Processing /opt/airflow/dags/kafka_stream.py took 0.167 seconds
[2025-09-10T23:30:59.933+0000] {processor.py:157} INFO - Started process (PID=324) to work on /opt/airflow/dags/kafka_stream.py
[2025-09-10T23:30:59.934+0000] {processor.py:829} INFO - Processing file /opt/airflow/dags/kafka_stream.py for tasks to queue
[2025-09-10T23:30:59.937+0000] {logging_mixin.py:154} INFO - [2025-09-10T23:30:59.936+0000] {dagbag.py:536} INFO - Filling up the DagBag from /opt/airflow/dags/kafka_stream.py
[2025-09-10T23:31:00.008+0000] {processor.py:839} INFO - DAG(s) dict_keys(['user_automation']) retrieved from /opt/airflow/dags/kafka_stream.py
[2025-09-10T23:31:00.050+0000] {logging_mixin.py:154} INFO - [2025-09-10T23:31:00.050+0000] {dag.py:2941} INFO - Sync 1 DAGs
[2025-09-10T23:31:00.080+0000] {logging_mixin.py:154} INFO - [2025-09-10T23:31:00.080+0000] {dag.py:3722} INFO - Setting next_dagrun for user_automation to 2025-09-09T00:00:00+00:00, run_after=2025-09-10T00:00:00+00:00
[2025-09-10T23:31:00.103+0000] {processor.py:179} INFO - Processing /opt/airflow/dags/kafka_stream.py took 0.174 seconds
[2025-09-10T23:31:30.264+0000] {processor.py:157} INFO - Started process (PID=329) to work on /opt/airflow/dags/kafka_stream.py
[2025-09-10T23:31:30.265+0000] {processor.py:829} INFO - Processing file /opt/airflow/dags/kafka_stream.py for tasks to queue
[2025-09-10T23:31:30.267+0000] {logging_mixin.py:154} INFO - [2025-09-10T23:31:30.266+0000] {dagbag.py:536} INFO - Filling up the DagBag from /opt/airflow/dags/kafka_stream.py
[2025-09-10T23:31:30.365+0000] {processor.py:839} INFO - DAG(s) dict_keys(['user_automation']) retrieved from /opt/airflow/dags/kafka_stream.py
[2025-09-10T23:31:30.399+0000] {logging_mixin.py:154} INFO - [2025-09-10T23:31:30.399+0000] {dag.py:2941} INFO - Sync 1 DAGs
[2025-09-10T23:31:30.426+0000] {logging_mixin.py:154} INFO - [2025-09-10T23:31:30.426+0000] {dag.py:3722} INFO - Setting next_dagrun for user_automation to 2025-09-09T00:00:00+00:00, run_after=2025-09-10T00:00:00+00:00
[2025-09-10T23:31:30.450+0000] {processor.py:179} INFO - Processing /opt/airflow/dags/kafka_stream.py took 0.190 seconds
[2025-09-10T23:32:00.625+0000] {processor.py:157} INFO - Started process (PID=334) to work on /opt/airflow/dags/kafka_stream.py
[2025-09-10T23:32:00.628+0000] {processor.py:829} INFO - Processing file /opt/airflow/dags/kafka_stream.py for tasks to queue
[2025-09-10T23:32:00.631+0000] {logging_mixin.py:154} INFO - [2025-09-10T23:32:00.630+0000] {dagbag.py:536} INFO - Filling up the DagBag from /opt/airflow/dags/kafka_stream.py
[2025-09-10T23:32:00.797+0000] {processor.py:839} INFO - DAG(s) dict_keys(['user_automation']) retrieved from /opt/airflow/dags/kafka_stream.py
[2025-09-10T23:32:00.842+0000] {logging_mixin.py:154} INFO - [2025-09-10T23:32:00.842+0000] {dag.py:2941} INFO - Sync 1 DAGs
[2025-09-10T23:32:00.941+0000] {logging_mixin.py:154} INFO - [2025-09-10T23:32:00.941+0000] {dag.py:3722} INFO - Setting next_dagrun for user_automation to 2025-09-09T00:00:00+00:00, run_after=2025-09-10T00:00:00+00:00
[2025-09-10T23:32:00.970+0000] {processor.py:179} INFO - Processing /opt/airflow/dags/kafka_stream.py took 0.350 seconds
[2025-09-10T23:32:31.143+0000] {processor.py:157} INFO - Started process (PID=339) to work on /opt/airflow/dags/kafka_stream.py
[2025-09-10T23:32:31.144+0000] {processor.py:829} INFO - Processing file /opt/airflow/dags/kafka_stream.py for tasks to queue
[2025-09-10T23:32:31.146+0000] {logging_mixin.py:154} INFO - [2025-09-10T23:32:31.145+0000] {dagbag.py:536} INFO - Filling up the DagBag from /opt/airflow/dags/kafka_stream.py
[2025-09-10T23:32:31.214+0000] {processor.py:839} INFO - DAG(s) dict_keys(['user_automation']) retrieved from /opt/airflow/dags/kafka_stream.py
[2025-09-10T23:32:31.250+0000] {logging_mixin.py:154} INFO - [2025-09-10T23:32:31.250+0000] {dag.py:2941} INFO - Sync 1 DAGs
[2025-09-10T23:32:31.280+0000] {logging_mixin.py:154} INFO - [2025-09-10T23:32:31.280+0000] {dag.py:3722} INFO - Setting next_dagrun for user_automation to 2025-09-09T00:00:00+00:00, run_after=2025-09-10T00:00:00+00:00
[2025-09-10T23:32:31.306+0000] {processor.py:179} INFO - Processing /opt/airflow/dags/kafka_stream.py took 0.166 seconds
[2025-09-10T23:33:01.476+0000] {processor.py:157} INFO - Started process (PID=344) to work on /opt/airflow/dags/kafka_stream.py
[2025-09-10T23:33:01.478+0000] {processor.py:829} INFO - Processing file /opt/airflow/dags/kafka_stream.py for tasks to queue
[2025-09-10T23:33:01.479+0000] {logging_mixin.py:154} INFO - [2025-09-10T23:33:01.479+0000] {dagbag.py:536} INFO - Filling up the DagBag from /opt/airflow/dags/kafka_stream.py
[2025-09-10T23:33:01.541+0000] {processor.py:839} INFO - DAG(s) dict_keys(['user_automation']) retrieved from /opt/airflow/dags/kafka_stream.py
[2025-09-10T23:33:01.571+0000] {logging_mixin.py:154} INFO - [2025-09-10T23:33:01.570+0000] {dag.py:2941} INFO - Sync 1 DAGs
[2025-09-10T23:33:01.600+0000] {logging_mixin.py:154} INFO - [2025-09-10T23:33:01.599+0000] {dag.py:3722} INFO - Setting next_dagrun for user_automation to 2025-09-09T00:00:00+00:00, run_after=2025-09-10T00:00:00+00:00
[2025-09-10T23:33:01.622+0000] {processor.py:179} INFO - Processing /opt/airflow/dags/kafka_stream.py took 0.149 seconds
[2025-09-10T23:33:31.894+0000] {processor.py:157} INFO - Started process (PID=349) to work on /opt/airflow/dags/kafka_stream.py
[2025-09-10T23:33:31.896+0000] {processor.py:829} INFO - Processing file /opt/airflow/dags/kafka_stream.py for tasks to queue
[2025-09-10T23:33:31.897+0000] {logging_mixin.py:154} INFO - [2025-09-10T23:33:31.896+0000] {dagbag.py:536} INFO - Filling up the DagBag from /opt/airflow/dags/kafka_stream.py
[2025-09-10T23:33:31.955+0000] {processor.py:839} INFO - DAG(s) dict_keys(['user_automation']) retrieved from /opt/airflow/dags/kafka_stream.py
[2025-09-10T23:33:31.986+0000] {logging_mixin.py:154} INFO - [2025-09-10T23:33:31.985+0000] {dag.py:2941} INFO - Sync 1 DAGs
[2025-09-10T23:33:32.019+0000] {logging_mixin.py:154} INFO - [2025-09-10T23:33:32.019+0000] {dag.py:3722} INFO - Setting next_dagrun for user_automation to 2025-09-09T00:00:00+00:00, run_after=2025-09-10T00:00:00+00:00
[2025-09-10T23:33:32.042+0000] {processor.py:179} INFO - Processing /opt/airflow/dags/kafka_stream.py took 0.151 seconds
[2025-09-10T23:34:02.195+0000] {processor.py:157} INFO - Started process (PID=354) to work on /opt/airflow/dags/kafka_stream.py
[2025-09-10T23:34:02.196+0000] {processor.py:829} INFO - Processing file /opt/airflow/dags/kafka_stream.py for tasks to queue
[2025-09-10T23:34:02.198+0000] {logging_mixin.py:154} INFO - [2025-09-10T23:34:02.197+0000] {dagbag.py:536} INFO - Filling up the DagBag from /opt/airflow/dags/kafka_stream.py
[2025-09-10T23:34:02.263+0000] {processor.py:839} INFO - DAG(s) dict_keys(['user_automation']) retrieved from /opt/airflow/dags/kafka_stream.py
[2025-09-10T23:34:02.298+0000] {logging_mixin.py:154} INFO - [2025-09-10T23:34:02.298+0000] {dag.py:2941} INFO - Sync 1 DAGs
[2025-09-10T23:34:02.325+0000] {logging_mixin.py:154} INFO - [2025-09-10T23:34:02.325+0000] {dag.py:3722} INFO - Setting next_dagrun for user_automation to 2025-09-09T00:00:00+00:00, run_after=2025-09-10T00:00:00+00:00
[2025-09-10T23:34:02.349+0000] {processor.py:179} INFO - Processing /opt/airflow/dags/kafka_stream.py took 0.157 seconds
[2025-09-10T23:34:32.509+0000] {processor.py:157} INFO - Started process (PID=359) to work on /opt/airflow/dags/kafka_stream.py
[2025-09-10T23:34:32.510+0000] {processor.py:829} INFO - Processing file /opt/airflow/dags/kafka_stream.py for tasks to queue
[2025-09-10T23:34:32.512+0000] {logging_mixin.py:154} INFO - [2025-09-10T23:34:32.511+0000] {dagbag.py:536} INFO - Filling up the DagBag from /opt/airflow/dags/kafka_stream.py
[2025-09-10T23:34:32.573+0000] {processor.py:839} INFO - DAG(s) dict_keys(['user_automation']) retrieved from /opt/airflow/dags/kafka_stream.py
[2025-09-10T23:34:32.602+0000] {logging_mixin.py:154} INFO - [2025-09-10T23:34:32.602+0000] {dag.py:2941} INFO - Sync 1 DAGs
[2025-09-10T23:34:32.629+0000] {logging_mixin.py:154} INFO - [2025-09-10T23:34:32.628+0000] {dag.py:3722} INFO - Setting next_dagrun for user_automation to 2025-09-09T00:00:00+00:00, run_after=2025-09-10T00:00:00+00:00
[2025-09-10T23:34:32.657+0000] {processor.py:179} INFO - Processing /opt/airflow/dags/kafka_stream.py took 0.151 seconds
[2025-09-10T23:35:02.724+0000] {processor.py:157} INFO - Started process (PID=364) to work on /opt/airflow/dags/kafka_stream.py
[2025-09-10T23:35:02.725+0000] {processor.py:829} INFO - Processing file /opt/airflow/dags/kafka_stream.py for tasks to queue
[2025-09-10T23:35:02.727+0000] {logging_mixin.py:154} INFO - [2025-09-10T23:35:02.727+0000] {dagbag.py:536} INFO - Filling up the DagBag from /opt/airflow/dags/kafka_stream.py
[2025-09-10T23:35:02.883+0000] {processor.py:839} INFO - DAG(s) dict_keys(['user_automation']) retrieved from /opt/airflow/dags/kafka_stream.py
[2025-09-10T23:35:02.916+0000] {logging_mixin.py:154} INFO - [2025-09-10T23:35:02.916+0000] {dag.py:2941} INFO - Sync 1 DAGs
[2025-09-10T23:35:02.952+0000] {logging_mixin.py:154} INFO - [2025-09-10T23:35:02.952+0000] {dag.py:3722} INFO - Setting next_dagrun for user_automation to 2025-09-09T00:00:00+00:00, run_after=2025-09-10T00:00:00+00:00
[2025-09-10T23:35:02.976+0000] {processor.py:179} INFO - Processing /opt/airflow/dags/kafka_stream.py took 0.256 seconds
[2025-09-10T23:35:33.057+0000] {processor.py:157} INFO - Started process (PID=369) to work on /opt/airflow/dags/kafka_stream.py
[2025-09-10T23:35:33.057+0000] {processor.py:829} INFO - Processing file /opt/airflow/dags/kafka_stream.py for tasks to queue
[2025-09-10T23:35:33.059+0000] {logging_mixin.py:154} INFO - [2025-09-10T23:35:33.058+0000] {dagbag.py:536} INFO - Filling up the DagBag from /opt/airflow/dags/kafka_stream.py
[2025-09-10T23:35:33.120+0000] {processor.py:839} INFO - DAG(s) dict_keys(['user_automation']) retrieved from /opt/airflow/dags/kafka_stream.py
[2025-09-10T23:35:33.150+0000] {logging_mixin.py:154} INFO - [2025-09-10T23:35:33.150+0000] {dag.py:2941} INFO - Sync 1 DAGs
[2025-09-10T23:35:33.184+0000] {logging_mixin.py:154} INFO - [2025-09-10T23:35:33.183+0000] {dag.py:3722} INFO - Setting next_dagrun for user_automation to 2025-09-09T00:00:00+00:00, run_after=2025-09-10T00:00:00+00:00
[2025-09-10T23:35:33.209+0000] {processor.py:179} INFO - Processing /opt/airflow/dags/kafka_stream.py took 0.155 seconds
[2025-09-10T23:36:03.302+0000] {processor.py:157} INFO - Started process (PID=374) to work on /opt/airflow/dags/kafka_stream.py
[2025-09-10T23:36:03.303+0000] {processor.py:829} INFO - Processing file /opt/airflow/dags/kafka_stream.py for tasks to queue
[2025-09-10T23:36:03.305+0000] {logging_mixin.py:154} INFO - [2025-09-10T23:36:03.304+0000] {dagbag.py:536} INFO - Filling up the DagBag from /opt/airflow/dags/kafka_stream.py
[2025-09-10T23:36:03.379+0000] {processor.py:839} INFO - DAG(s) dict_keys(['user_automation']) retrieved from /opt/airflow/dags/kafka_stream.py
[2025-09-10T23:36:03.419+0000] {logging_mixin.py:154} INFO - [2025-09-10T23:36:03.418+0000] {dag.py:2941} INFO - Sync 1 DAGs
[2025-09-10T23:36:03.453+0000] {logging_mixin.py:154} INFO - [2025-09-10T23:36:03.453+0000] {dag.py:3722} INFO - Setting next_dagrun for user_automation to 2025-09-09T00:00:00+00:00, run_after=2025-09-10T00:00:00+00:00
[2025-09-10T23:36:03.478+0000] {processor.py:179} INFO - Processing /opt/airflow/dags/kafka_stream.py took 0.181 seconds
[2025-09-10T23:36:33.524+0000] {processor.py:157} INFO - Started process (PID=379) to work on /opt/airflow/dags/kafka_stream.py
[2025-09-10T23:36:33.525+0000] {processor.py:829} INFO - Processing file /opt/airflow/dags/kafka_stream.py for tasks to queue
[2025-09-10T23:36:33.526+0000] {logging_mixin.py:154} INFO - [2025-09-10T23:36:33.526+0000] {dagbag.py:536} INFO - Filling up the DagBag from /opt/airflow/dags/kafka_stream.py
[2025-09-10T23:36:33.601+0000] {processor.py:839} INFO - DAG(s) dict_keys(['user_automation']) retrieved from /opt/airflow/dags/kafka_stream.py
[2025-09-10T23:36:33.663+0000] {logging_mixin.py:154} INFO - [2025-09-10T23:36:33.662+0000] {dag.py:2941} INFO - Sync 1 DAGs
[2025-09-10T23:36:33.692+0000] {logging_mixin.py:154} INFO - [2025-09-10T23:36:33.692+0000] {dag.py:3722} INFO - Setting next_dagrun for user_automation to 2025-09-09T00:00:00+00:00, run_after=2025-09-10T00:00:00+00:00
[2025-09-10T23:36:33.733+0000] {processor.py:179} INFO - Processing /opt/airflow/dags/kafka_stream.py took 0.213 seconds
[2025-09-10T23:37:03.845+0000] {processor.py:157} INFO - Started process (PID=384) to work on /opt/airflow/dags/kafka_stream.py
[2025-09-10T23:37:03.851+0000] {processor.py:829} INFO - Processing file /opt/airflow/dags/kafka_stream.py for tasks to queue
[2025-09-10T23:37:03.855+0000] {logging_mixin.py:154} INFO - [2025-09-10T23:37:03.854+0000] {dagbag.py:536} INFO - Filling up the DagBag from /opt/airflow/dags/kafka_stream.py
[2025-09-10T23:37:03.998+0000] {processor.py:839} INFO - DAG(s) dict_keys(['user_automation']) retrieved from /opt/airflow/dags/kafka_stream.py
[2025-09-10T23:37:04.053+0000] {logging_mixin.py:154} INFO - [2025-09-10T23:37:04.053+0000] {dag.py:2941} INFO - Sync 1 DAGs
[2025-09-10T23:37:04.101+0000] {logging_mixin.py:154} INFO - [2025-09-10T23:37:04.101+0000] {dag.py:3722} INFO - Setting next_dagrun for user_automation to 2025-09-09T00:00:00+00:00, run_after=2025-09-10T00:00:00+00:00
[2025-09-10T23:37:04.148+0000] {processor.py:179} INFO - Processing /opt/airflow/dags/kafka_stream.py took 0.309 seconds
[2025-09-10T23:37:34.331+0000] {processor.py:157} INFO - Started process (PID=389) to work on /opt/airflow/dags/kafka_stream.py
[2025-09-10T23:37:34.333+0000] {processor.py:829} INFO - Processing file /opt/airflow/dags/kafka_stream.py for tasks to queue
[2025-09-10T23:37:34.336+0000] {logging_mixin.py:154} INFO - [2025-09-10T23:37:34.336+0000] {dagbag.py:536} INFO - Filling up the DagBag from /opt/airflow/dags/kafka_stream.py
[2025-09-10T23:37:34.406+0000] {processor.py:839} INFO - DAG(s) dict_keys(['user_automation']) retrieved from /opt/airflow/dags/kafka_stream.py
[2025-09-10T23:37:34.437+0000] {logging_mixin.py:154} INFO - [2025-09-10T23:37:34.436+0000] {dag.py:2941} INFO - Sync 1 DAGs
[2025-09-10T23:37:34.465+0000] {logging_mixin.py:154} INFO - [2025-09-10T23:37:34.465+0000] {dag.py:3722} INFO - Setting next_dagrun for user_automation to 2025-09-09T00:00:00+00:00, run_after=2025-09-10T00:00:00+00:00
[2025-09-10T23:37:34.493+0000] {processor.py:179} INFO - Processing /opt/airflow/dags/kafka_stream.py took 0.165 seconds
[2025-09-10T23:38:04.650+0000] {processor.py:157} INFO - Started process (PID=394) to work on /opt/airflow/dags/kafka_stream.py
[2025-09-10T23:38:04.651+0000] {processor.py:829} INFO - Processing file /opt/airflow/dags/kafka_stream.py for tasks to queue
[2025-09-10T23:38:04.652+0000] {logging_mixin.py:154} INFO - [2025-09-10T23:38:04.652+0000] {dagbag.py:536} INFO - Filling up the DagBag from /opt/airflow/dags/kafka_stream.py
[2025-09-10T23:38:04.711+0000] {processor.py:839} INFO - DAG(s) dict_keys(['user_automation']) retrieved from /opt/airflow/dags/kafka_stream.py
[2025-09-10T23:38:04.740+0000] {logging_mixin.py:154} INFO - [2025-09-10T23:38:04.739+0000] {dag.py:2941} INFO - Sync 1 DAGs
[2025-09-10T23:38:04.765+0000] {logging_mixin.py:154} INFO - [2025-09-10T23:38:04.765+0000] {dag.py:3722} INFO - Setting next_dagrun for user_automation to 2025-09-09T00:00:00+00:00, run_after=2025-09-10T00:00:00+00:00
[2025-09-10T23:38:04.790+0000] {processor.py:179} INFO - Processing /opt/airflow/dags/kafka_stream.py took 0.144 seconds
[2025-09-10T23:38:34.868+0000] {processor.py:157} INFO - Started process (PID=399) to work on /opt/airflow/dags/kafka_stream.py
[2025-09-10T23:38:34.869+0000] {processor.py:829} INFO - Processing file /opt/airflow/dags/kafka_stream.py for tasks to queue
[2025-09-10T23:38:34.871+0000] {logging_mixin.py:154} INFO - [2025-09-10T23:38:34.871+0000] {dagbag.py:536} INFO - Filling up the DagBag from /opt/airflow/dags/kafka_stream.py
[2025-09-10T23:38:34.949+0000] {processor.py:839} INFO - DAG(s) dict_keys(['user_automation']) retrieved from /opt/airflow/dags/kafka_stream.py
[2025-09-10T23:38:34.976+0000] {logging_mixin.py:154} INFO - [2025-09-10T23:38:34.976+0000] {dag.py:2941} INFO - Sync 1 DAGs
[2025-09-10T23:38:35.004+0000] {logging_mixin.py:154} INFO - [2025-09-10T23:38:35.004+0000] {dag.py:3722} INFO - Setting next_dagrun for user_automation to 2025-09-09T00:00:00+00:00, run_after=2025-09-10T00:00:00+00:00
[2025-09-10T23:38:35.029+0000] {processor.py:179} INFO - Processing /opt/airflow/dags/kafka_stream.py took 0.164 seconds
[2025-09-10T23:39:05.105+0000] {processor.py:157} INFO - Started process (PID=404) to work on /opt/airflow/dags/kafka_stream.py
[2025-09-10T23:39:05.106+0000] {processor.py:829} INFO - Processing file /opt/airflow/dags/kafka_stream.py for tasks to queue
[2025-09-10T23:39:05.107+0000] {logging_mixin.py:154} INFO - [2025-09-10T23:39:05.107+0000] {dagbag.py:536} INFO - Filling up the DagBag from /opt/airflow/dags/kafka_stream.py
[2025-09-10T23:39:05.179+0000] {processor.py:839} INFO - DAG(s) dict_keys(['user_automation']) retrieved from /opt/airflow/dags/kafka_stream.py
[2025-09-10T23:39:05.210+0000] {logging_mixin.py:154} INFO - [2025-09-10T23:39:05.210+0000] {dag.py:2941} INFO - Sync 1 DAGs
[2025-09-10T23:39:05.240+0000] {logging_mixin.py:154} INFO - [2025-09-10T23:39:05.240+0000] {dag.py:3722} INFO - Setting next_dagrun for user_automation to 2025-09-09T00:00:00+00:00, run_after=2025-09-10T00:00:00+00:00
[2025-09-10T23:39:05.264+0000] {processor.py:179} INFO - Processing /opt/airflow/dags/kafka_stream.py took 0.164 seconds
[2025-09-10T23:39:35.340+0000] {processor.py:157} INFO - Started process (PID=409) to work on /opt/airflow/dags/kafka_stream.py
[2025-09-10T23:39:35.341+0000] {processor.py:829} INFO - Processing file /opt/airflow/dags/kafka_stream.py for tasks to queue
[2025-09-10T23:39:35.343+0000] {logging_mixin.py:154} INFO - [2025-09-10T23:39:35.342+0000] {dagbag.py:536} INFO - Filling up the DagBag from /opt/airflow/dags/kafka_stream.py
[2025-09-10T23:39:35.399+0000] {processor.py:839} INFO - DAG(s) dict_keys(['user_automation']) retrieved from /opt/airflow/dags/kafka_stream.py
[2025-09-10T23:39:35.428+0000] {logging_mixin.py:154} INFO - [2025-09-10T23:39:35.428+0000] {dag.py:2941} INFO - Sync 1 DAGs
[2025-09-10T23:39:35.457+0000] {logging_mixin.py:154} INFO - [2025-09-10T23:39:35.456+0000] {dag.py:3722} INFO - Setting next_dagrun for user_automation to 2025-09-09T00:00:00+00:00, run_after=2025-09-10T00:00:00+00:00
[2025-09-10T23:39:35.479+0000] {processor.py:179} INFO - Processing /opt/airflow/dags/kafka_stream.py took 0.143 seconds
[2025-09-10T23:40:05.612+0000] {processor.py:157} INFO - Started process (PID=414) to work on /opt/airflow/dags/kafka_stream.py
[2025-09-10T23:40:05.613+0000] {processor.py:829} INFO - Processing file /opt/airflow/dags/kafka_stream.py for tasks to queue
[2025-09-10T23:40:05.615+0000] {logging_mixin.py:154} INFO - [2025-09-10T23:40:05.615+0000] {dagbag.py:536} INFO - Filling up the DagBag from /opt/airflow/dags/kafka_stream.py
[2025-09-10T23:40:05.689+0000] {processor.py:839} INFO - DAG(s) dict_keys(['user_automation']) retrieved from /opt/airflow/dags/kafka_stream.py
[2025-09-10T23:40:05.735+0000] {logging_mixin.py:154} INFO - [2025-09-10T23:40:05.734+0000] {dag.py:2941} INFO - Sync 1 DAGs
[2025-09-10T23:40:05.768+0000] {logging_mixin.py:154} INFO - [2025-09-10T23:40:05.767+0000] {dag.py:3722} INFO - Setting next_dagrun for user_automation to 2025-09-09T00:00:00+00:00, run_after=2025-09-10T00:00:00+00:00
[2025-09-10T23:40:05.793+0000] {processor.py:179} INFO - Processing /opt/airflow/dags/kafka_stream.py took 0.188 seconds
[2025-09-10T23:40:35.940+0000] {processor.py:157} INFO - Started process (PID=419) to work on /opt/airflow/dags/kafka_stream.py
[2025-09-10T23:40:35.941+0000] {processor.py:829} INFO - Processing file /opt/airflow/dags/kafka_stream.py for tasks to queue
[2025-09-10T23:40:35.943+0000] {logging_mixin.py:154} INFO - [2025-09-10T23:40:35.942+0000] {dagbag.py:536} INFO - Filling up the DagBag from /opt/airflow/dags/kafka_stream.py
[2025-09-10T23:40:36.009+0000] {processor.py:839} INFO - DAG(s) dict_keys(['user_automation']) retrieved from /opt/airflow/dags/kafka_stream.py
[2025-09-10T23:40:36.039+0000] {logging_mixin.py:154} INFO - [2025-09-10T23:40:36.039+0000] {dag.py:2941} INFO - Sync 1 DAGs
[2025-09-10T23:40:36.069+0000] {logging_mixin.py:154} INFO - [2025-09-10T23:40:36.069+0000] {dag.py:3722} INFO - Setting next_dagrun for user_automation to 2025-09-09T00:00:00+00:00, run_after=2025-09-10T00:00:00+00:00
[2025-09-10T23:40:36.094+0000] {processor.py:179} INFO - Processing /opt/airflow/dags/kafka_stream.py took 0.157 seconds
[2025-09-10T23:41:06.147+0000] {processor.py:157} INFO - Started process (PID=424) to work on /opt/airflow/dags/kafka_stream.py
[2025-09-10T23:41:06.148+0000] {processor.py:829} INFO - Processing file /opt/airflow/dags/kafka_stream.py for tasks to queue
[2025-09-10T23:41:06.150+0000] {logging_mixin.py:154} INFO - [2025-09-10T23:41:06.149+0000] {dagbag.py:536} INFO - Filling up the DagBag from /opt/airflow/dags/kafka_stream.py
[2025-09-10T23:41:06.214+0000] {processor.py:839} INFO - DAG(s) dict_keys(['user_automation']) retrieved from /opt/airflow/dags/kafka_stream.py
[2025-09-10T23:41:06.244+0000] {logging_mixin.py:154} INFO - [2025-09-10T23:41:06.244+0000] {dag.py:2941} INFO - Sync 1 DAGs
[2025-09-10T23:41:06.273+0000] {logging_mixin.py:154} INFO - [2025-09-10T23:41:06.273+0000] {dag.py:3722} INFO - Setting next_dagrun for user_automation to 2025-09-09T00:00:00+00:00, run_after=2025-09-10T00:00:00+00:00
[2025-09-10T23:41:06.297+0000] {processor.py:179} INFO - Processing /opt/airflow/dags/kafka_stream.py took 0.153 seconds
[2025-09-10T23:41:36.399+0000] {processor.py:157} INFO - Started process (PID=429) to work on /opt/airflow/dags/kafka_stream.py
[2025-09-10T23:41:36.400+0000] {processor.py:829} INFO - Processing file /opt/airflow/dags/kafka_stream.py for tasks to queue
[2025-09-10T23:41:36.401+0000] {logging_mixin.py:154} INFO - [2025-09-10T23:41:36.401+0000] {dagbag.py:536} INFO - Filling up the DagBag from /opt/airflow/dags/kafka_stream.py
[2025-09-10T23:41:36.464+0000] {processor.py:839} INFO - DAG(s) dict_keys(['user_automation']) retrieved from /opt/airflow/dags/kafka_stream.py
[2025-09-10T23:41:36.493+0000] {logging_mixin.py:154} INFO - [2025-09-10T23:41:36.492+0000] {dag.py:2941} INFO - Sync 1 DAGs
[2025-09-10T23:41:36.519+0000] {logging_mixin.py:154} INFO - [2025-09-10T23:41:36.519+0000] {dag.py:3722} INFO - Setting next_dagrun for user_automation to 2025-09-09T00:00:00+00:00, run_after=2025-09-10T00:00:00+00:00
[2025-09-10T23:41:36.540+0000] {processor.py:179} INFO - Processing /opt/airflow/dags/kafka_stream.py took 0.145 seconds
[2025-09-10T23:42:06.617+0000] {processor.py:157} INFO - Started process (PID=434) to work on /opt/airflow/dags/kafka_stream.py
[2025-09-10T23:42:06.618+0000] {processor.py:829} INFO - Processing file /opt/airflow/dags/kafka_stream.py for tasks to queue
[2025-09-10T23:42:06.620+0000] {logging_mixin.py:154} INFO - [2025-09-10T23:42:06.619+0000] {dagbag.py:536} INFO - Filling up the DagBag from /opt/airflow/dags/kafka_stream.py
[2025-09-10T23:42:06.682+0000] {processor.py:839} INFO - DAG(s) dict_keys(['user_automation']) retrieved from /opt/airflow/dags/kafka_stream.py
[2025-09-10T23:42:06.714+0000] {logging_mixin.py:154} INFO - [2025-09-10T23:42:06.714+0000] {dag.py:2941} INFO - Sync 1 DAGs
[2025-09-10T23:42:06.741+0000] {logging_mixin.py:154} INFO - [2025-09-10T23:42:06.741+0000] {dag.py:3722} INFO - Setting next_dagrun for user_automation to 2025-09-09T00:00:00+00:00, run_after=2025-09-10T00:00:00+00:00
[2025-09-10T23:42:06.764+0000] {processor.py:179} INFO - Processing /opt/airflow/dags/kafka_stream.py took 0.151 seconds
[2025-09-10T23:42:37.019+0000] {processor.py:157} INFO - Started process (PID=439) to work on /opt/airflow/dags/kafka_stream.py
[2025-09-10T23:42:37.020+0000] {processor.py:829} INFO - Processing file /opt/airflow/dags/kafka_stream.py for tasks to queue
[2025-09-10T23:42:37.022+0000] {logging_mixin.py:154} INFO - [2025-09-10T23:42:37.021+0000] {dagbag.py:536} INFO - Filling up the DagBag from /opt/airflow/dags/kafka_stream.py
[2025-09-10T23:42:37.084+0000] {processor.py:839} INFO - DAG(s) dict_keys(['user_automation']) retrieved from /opt/airflow/dags/kafka_stream.py
[2025-09-10T23:42:37.113+0000] {logging_mixin.py:154} INFO - [2025-09-10T23:42:37.113+0000] {dag.py:2941} INFO - Sync 1 DAGs
[2025-09-10T23:42:37.141+0000] {logging_mixin.py:154} INFO - [2025-09-10T23:42:37.141+0000] {dag.py:3722} INFO - Setting next_dagrun for user_automation to 2025-09-09T00:00:00+00:00, run_after=2025-09-10T00:00:00+00:00
[2025-09-10T23:42:37.162+0000] {processor.py:179} INFO - Processing /opt/airflow/dags/kafka_stream.py took 0.146 seconds
[2025-09-10T23:43:07.227+0000] {processor.py:157} INFO - Started process (PID=444) to work on /opt/airflow/dags/kafka_stream.py
[2025-09-10T23:43:07.229+0000] {processor.py:829} INFO - Processing file /opt/airflow/dags/kafka_stream.py for tasks to queue
[2025-09-10T23:43:07.230+0000] {logging_mixin.py:154} INFO - [2025-09-10T23:43:07.230+0000] {dagbag.py:536} INFO - Filling up the DagBag from /opt/airflow/dags/kafka_stream.py
[2025-09-10T23:43:07.290+0000] {processor.py:839} INFO - DAG(s) dict_keys(['user_automation']) retrieved from /opt/airflow/dags/kafka_stream.py
[2025-09-10T23:43:07.320+0000] {logging_mixin.py:154} INFO - [2025-09-10T23:43:07.319+0000] {dag.py:2941} INFO - Sync 1 DAGs
[2025-09-10T23:43:07.345+0000] {logging_mixin.py:154} INFO - [2025-09-10T23:43:07.345+0000] {dag.py:3722} INFO - Setting next_dagrun for user_automation to 2025-09-09T00:00:00+00:00, run_after=2025-09-10T00:00:00+00:00
[2025-09-10T23:43:07.370+0000] {processor.py:179} INFO - Processing /opt/airflow/dags/kafka_stream.py took 0.147 seconds
[2025-09-10T23:43:37.463+0000] {processor.py:157} INFO - Started process (PID=449) to work on /opt/airflow/dags/kafka_stream.py
[2025-09-10T23:43:37.465+0000] {processor.py:829} INFO - Processing file /opt/airflow/dags/kafka_stream.py for tasks to queue
[2025-09-10T23:43:37.466+0000] {logging_mixin.py:154} INFO - [2025-09-10T23:43:37.466+0000] {dagbag.py:536} INFO - Filling up the DagBag from /opt/airflow/dags/kafka_stream.py
[2025-09-10T23:43:37.541+0000] {processor.py:839} INFO - DAG(s) dict_keys(['user_automation']) retrieved from /opt/airflow/dags/kafka_stream.py
[2025-09-10T23:43:37.569+0000] {logging_mixin.py:154} INFO - [2025-09-10T23:43:37.569+0000] {dag.py:2941} INFO - Sync 1 DAGs
[2025-09-10T23:43:37.595+0000] {logging_mixin.py:154} INFO - [2025-09-10T23:43:37.595+0000] {dag.py:3722} INFO - Setting next_dagrun for user_automation to 2025-09-09T00:00:00+00:00, run_after=2025-09-10T00:00:00+00:00
[2025-09-10T23:43:37.616+0000] {processor.py:179} INFO - Processing /opt/airflow/dags/kafka_stream.py took 0.156 seconds
[2025-09-10T23:44:07.764+0000] {processor.py:157} INFO - Started process (PID=454) to work on /opt/airflow/dags/kafka_stream.py
[2025-09-10T23:44:07.765+0000] {processor.py:829} INFO - Processing file /opt/airflow/dags/kafka_stream.py for tasks to queue
[2025-09-10T23:44:07.767+0000] {logging_mixin.py:154} INFO - [2025-09-10T23:44:07.767+0000] {dagbag.py:536} INFO - Filling up the DagBag from /opt/airflow/dags/kafka_stream.py
[2025-09-10T23:44:07.859+0000] {processor.py:839} INFO - DAG(s) dict_keys(['user_automation']) retrieved from /opt/airflow/dags/kafka_stream.py
[2025-09-10T23:44:07.894+0000] {logging_mixin.py:154} INFO - [2025-09-10T23:44:07.894+0000] {dag.py:2941} INFO - Sync 1 DAGs
[2025-09-10T23:44:07.924+0000] {logging_mixin.py:154} INFO - [2025-09-10T23:44:07.924+0000] {dag.py:3722} INFO - Setting next_dagrun for user_automation to 2025-09-09T00:00:00+00:00, run_after=2025-09-10T00:00:00+00:00
[2025-09-10T23:44:07.951+0000] {processor.py:179} INFO - Processing /opt/airflow/dags/kafka_stream.py took 0.194 seconds
[2025-09-10T23:44:38.107+0000] {processor.py:157} INFO - Started process (PID=459) to work on /opt/airflow/dags/kafka_stream.py
[2025-09-10T23:44:38.108+0000] {processor.py:829} INFO - Processing file /opt/airflow/dags/kafka_stream.py for tasks to queue
[2025-09-10T23:44:38.110+0000] {logging_mixin.py:154} INFO - [2025-09-10T23:44:38.109+0000] {dagbag.py:536} INFO - Filling up the DagBag from /opt/airflow/dags/kafka_stream.py
[2025-09-10T23:44:38.179+0000] {processor.py:839} INFO - DAG(s) dict_keys(['user_automation']) retrieved from /opt/airflow/dags/kafka_stream.py
[2025-09-10T23:44:38.214+0000] {logging_mixin.py:154} INFO - [2025-09-10T23:44:38.214+0000] {dag.py:2941} INFO - Sync 1 DAGs
[2025-09-10T23:44:38.244+0000] {logging_mixin.py:154} INFO - [2025-09-10T23:44:38.244+0000] {dag.py:3722} INFO - Setting next_dagrun for user_automation to 2025-09-09T00:00:00+00:00, run_after=2025-09-10T00:00:00+00:00
[2025-09-10T23:44:38.268+0000] {processor.py:179} INFO - Processing /opt/airflow/dags/kafka_stream.py took 0.165 seconds
[2025-09-10T23:45:08.326+0000] {processor.py:157} INFO - Started process (PID=464) to work on /opt/airflow/dags/kafka_stream.py
[2025-09-10T23:45:08.327+0000] {processor.py:829} INFO - Processing file /opt/airflow/dags/kafka_stream.py for tasks to queue
[2025-09-10T23:45:08.329+0000] {logging_mixin.py:154} INFO - [2025-09-10T23:45:08.328+0000] {dagbag.py:536} INFO - Filling up the DagBag from /opt/airflow/dags/kafka_stream.py
[2025-09-10T23:45:08.388+0000] {processor.py:839} INFO - DAG(s) dict_keys(['user_automation']) retrieved from /opt/airflow/dags/kafka_stream.py
[2025-09-10T23:45:08.419+0000] {logging_mixin.py:154} INFO - [2025-09-10T23:45:08.419+0000] {dag.py:2941} INFO - Sync 1 DAGs
[2025-09-10T23:45:08.449+0000] {logging_mixin.py:154} INFO - [2025-09-10T23:45:08.449+0000] {dag.py:3722} INFO - Setting next_dagrun for user_automation to 2025-09-09T00:00:00+00:00, run_after=2025-09-10T00:00:00+00:00
[2025-09-10T23:45:08.473+0000] {processor.py:179} INFO - Processing /opt/airflow/dags/kafka_stream.py took 0.151 seconds
[2025-09-10T23:45:38.602+0000] {processor.py:157} INFO - Started process (PID=469) to work on /opt/airflow/dags/kafka_stream.py
[2025-09-10T23:45:38.603+0000] {processor.py:829} INFO - Processing file /opt/airflow/dags/kafka_stream.py for tasks to queue
[2025-09-10T23:45:38.605+0000] {logging_mixin.py:154} INFO - [2025-09-10T23:45:38.604+0000] {dagbag.py:536} INFO - Filling up the DagBag from /opt/airflow/dags/kafka_stream.py
[2025-09-10T23:45:38.679+0000] {processor.py:839} INFO - DAG(s) dict_keys(['user_automation']) retrieved from /opt/airflow/dags/kafka_stream.py
[2025-09-10T23:45:38.719+0000] {logging_mixin.py:154} INFO - [2025-09-10T23:45:38.719+0000] {dag.py:2941} INFO - Sync 1 DAGs
[2025-09-10T23:45:38.752+0000] {logging_mixin.py:154} INFO - [2025-09-10T23:45:38.752+0000] {dag.py:3722} INFO - Setting next_dagrun for user_automation to 2025-09-09T00:00:00+00:00, run_after=2025-09-10T00:00:00+00:00
[2025-09-10T23:45:38.779+0000] {processor.py:179} INFO - Processing /opt/airflow/dags/kafka_stream.py took 0.182 seconds
[2025-09-10T23:46:09.027+0000] {processor.py:157} INFO - Started process (PID=474) to work on /opt/airflow/dags/kafka_stream.py
[2025-09-10T23:46:09.028+0000] {processor.py:829} INFO - Processing file /opt/airflow/dags/kafka_stream.py for tasks to queue
[2025-09-10T23:46:09.030+0000] {logging_mixin.py:154} INFO - [2025-09-10T23:46:09.029+0000] {dagbag.py:536} INFO - Filling up the DagBag from /opt/airflow/dags/kafka_stream.py
[2025-09-10T23:46:09.099+0000] {processor.py:839} INFO - DAG(s) dict_keys(['user_automation']) retrieved from /opt/airflow/dags/kafka_stream.py
[2025-09-10T23:46:09.128+0000] {logging_mixin.py:154} INFO - [2025-09-10T23:46:09.128+0000] {dag.py:2941} INFO - Sync 1 DAGs
[2025-09-10T23:46:09.155+0000] {logging_mixin.py:154} INFO - [2025-09-10T23:46:09.154+0000] {dag.py:3722} INFO - Setting next_dagrun for user_automation to 2025-09-09T00:00:00+00:00, run_after=2025-09-10T00:00:00+00:00
[2025-09-10T23:46:09.179+0000] {processor.py:179} INFO - Processing /opt/airflow/dags/kafka_stream.py took 0.155 seconds
[2025-09-10T23:46:39.347+0000] {processor.py:157} INFO - Started process (PID=479) to work on /opt/airflow/dags/kafka_stream.py
[2025-09-10T23:46:39.349+0000] {processor.py:829} INFO - Processing file /opt/airflow/dags/kafka_stream.py for tasks to queue
[2025-09-10T23:46:39.350+0000] {logging_mixin.py:154} INFO - [2025-09-10T23:46:39.350+0000] {dagbag.py:536} INFO - Filling up the DagBag from /opt/airflow/dags/kafka_stream.py
[2025-09-10T23:46:39.423+0000] {processor.py:839} INFO - DAG(s) dict_keys(['user_automation']) retrieved from /opt/airflow/dags/kafka_stream.py
[2025-09-10T23:46:39.454+0000] {logging_mixin.py:154} INFO - [2025-09-10T23:46:39.453+0000] {dag.py:2941} INFO - Sync 1 DAGs
[2025-09-10T23:46:39.488+0000] {logging_mixin.py:154} INFO - [2025-09-10T23:46:39.488+0000] {dag.py:3722} INFO - Setting next_dagrun for user_automation to 2025-09-09T00:00:00+00:00, run_after=2025-09-10T00:00:00+00:00
[2025-09-10T23:46:39.511+0000] {processor.py:179} INFO - Processing /opt/airflow/dags/kafka_stream.py took 0.167 seconds
[2025-09-10T23:47:09.669+0000] {processor.py:157} INFO - Started process (PID=484) to work on /opt/airflow/dags/kafka_stream.py
[2025-09-10T23:47:09.670+0000] {processor.py:829} INFO - Processing file /opt/airflow/dags/kafka_stream.py for tasks to queue
[2025-09-10T23:47:09.672+0000] {logging_mixin.py:154} INFO - [2025-09-10T23:47:09.671+0000] {dagbag.py:536} INFO - Filling up the DagBag from /opt/airflow/dags/kafka_stream.py
[2025-09-10T23:47:09.751+0000] {processor.py:839} INFO - DAG(s) dict_keys(['user_automation']) retrieved from /opt/airflow/dags/kafka_stream.py
[2025-09-10T23:47:09.785+0000] {logging_mixin.py:154} INFO - [2025-09-10T23:47:09.784+0000] {dag.py:2941} INFO - Sync 1 DAGs
[2025-09-10T23:47:09.816+0000] {logging_mixin.py:154} INFO - [2025-09-10T23:47:09.815+0000] {dag.py:3722} INFO - Setting next_dagrun for user_automation to 2025-09-09T00:00:00+00:00, run_after=2025-09-10T00:00:00+00:00
[2025-09-10T23:47:09.847+0000] {processor.py:179} INFO - Processing /opt/airflow/dags/kafka_stream.py took 0.183 seconds
[2025-09-10T23:47:40.060+0000] {processor.py:157} INFO - Started process (PID=489) to work on /opt/airflow/dags/kafka_stream.py
[2025-09-10T23:47:40.061+0000] {processor.py:829} INFO - Processing file /opt/airflow/dags/kafka_stream.py for tasks to queue
[2025-09-10T23:47:40.064+0000] {logging_mixin.py:154} INFO - [2025-09-10T23:47:40.063+0000] {dagbag.py:536} INFO - Filling up the DagBag from /opt/airflow/dags/kafka_stream.py
[2025-09-10T23:47:40.133+0000] {processor.py:839} INFO - DAG(s) dict_keys(['user_automation']) retrieved from /opt/airflow/dags/kafka_stream.py
[2025-09-10T23:47:40.169+0000] {logging_mixin.py:154} INFO - [2025-09-10T23:47:40.169+0000] {dag.py:2941} INFO - Sync 1 DAGs
[2025-09-10T23:47:40.204+0000] {logging_mixin.py:154} INFO - [2025-09-10T23:47:40.203+0000] {dag.py:3722} INFO - Setting next_dagrun for user_automation to 2025-09-09T00:00:00+00:00, run_after=2025-09-10T00:00:00+00:00
[2025-09-10T23:47:40.229+0000] {processor.py:179} INFO - Processing /opt/airflow/dags/kafka_stream.py took 0.173 seconds
[2025-09-10T23:48:10.408+0000] {processor.py:157} INFO - Started process (PID=494) to work on /opt/airflow/dags/kafka_stream.py
[2025-09-10T23:48:10.409+0000] {processor.py:829} INFO - Processing file /opt/airflow/dags/kafka_stream.py for tasks to queue
[2025-09-10T23:48:10.412+0000] {logging_mixin.py:154} INFO - [2025-09-10T23:48:10.410+0000] {dagbag.py:536} INFO - Filling up the DagBag from /opt/airflow/dags/kafka_stream.py
[2025-09-10T23:48:10.484+0000] {processor.py:839} INFO - DAG(s) dict_keys(['user_automation']) retrieved from /opt/airflow/dags/kafka_stream.py
[2025-09-10T23:48:10.516+0000] {logging_mixin.py:154} INFO - [2025-09-10T23:48:10.516+0000] {dag.py:2941} INFO - Sync 1 DAGs
[2025-09-10T23:48:10.550+0000] {logging_mixin.py:154} INFO - [2025-09-10T23:48:10.550+0000] {dag.py:3722} INFO - Setting next_dagrun for user_automation to 2025-09-09T00:00:00+00:00, run_after=2025-09-10T00:00:00+00:00
[2025-09-10T23:48:10.576+0000] {processor.py:179} INFO - Processing /opt/airflow/dags/kafka_stream.py took 0.172 seconds
[2025-09-10T23:48:40.643+0000] {processor.py:157} INFO - Started process (PID=499) to work on /opt/airflow/dags/kafka_stream.py
[2025-09-10T23:48:40.645+0000] {processor.py:829} INFO - Processing file /opt/airflow/dags/kafka_stream.py for tasks to queue
[2025-09-10T23:48:40.649+0000] {logging_mixin.py:154} INFO - [2025-09-10T23:48:40.648+0000] {dagbag.py:536} INFO - Filling up the DagBag from /opt/airflow/dags/kafka_stream.py
[2025-09-10T23:48:40.768+0000] {processor.py:839} INFO - DAG(s) dict_keys(['user_automation']) retrieved from /opt/airflow/dags/kafka_stream.py
[2025-09-10T23:48:40.898+0000] {logging_mixin.py:154} INFO - [2025-09-10T23:48:40.898+0000] {dag.py:2941} INFO - Sync 1 DAGs
[2025-09-10T23:48:40.974+0000] {logging_mixin.py:154} INFO - [2025-09-10T23:48:40.973+0000] {dag.py:3722} INFO - Setting next_dagrun for user_automation to 2025-09-09T00:00:00+00:00, run_after=2025-09-10T00:00:00+00:00
[2025-09-10T23:48:40.999+0000] {processor.py:179} INFO - Processing /opt/airflow/dags/kafka_stream.py took 0.361 seconds
[2025-09-10T23:49:11.176+0000] {processor.py:157} INFO - Started process (PID=504) to work on /opt/airflow/dags/kafka_stream.py
[2025-09-10T23:49:11.177+0000] {processor.py:829} INFO - Processing file /opt/airflow/dags/kafka_stream.py for tasks to queue
[2025-09-10T23:49:11.179+0000] {logging_mixin.py:154} INFO - [2025-09-10T23:49:11.178+0000] {dagbag.py:536} INFO - Filling up the DagBag from /opt/airflow/dags/kafka_stream.py
[2025-09-10T23:49:11.242+0000] {processor.py:839} INFO - DAG(s) dict_keys(['user_automation']) retrieved from /opt/airflow/dags/kafka_stream.py
[2025-09-10T23:49:11.273+0000] {logging_mixin.py:154} INFO - [2025-09-10T23:49:11.273+0000] {dag.py:2941} INFO - Sync 1 DAGs
[2025-09-10T23:49:11.301+0000] {logging_mixin.py:154} INFO - [2025-09-10T23:49:11.301+0000] {dag.py:3722} INFO - Setting next_dagrun for user_automation to 2025-09-09T00:00:00+00:00, run_after=2025-09-10T00:00:00+00:00
[2025-09-10T23:49:11.325+0000] {processor.py:179} INFO - Processing /opt/airflow/dags/kafka_stream.py took 0.152 seconds
[2025-09-10T23:49:41.495+0000] {processor.py:157} INFO - Started process (PID=509) to work on /opt/airflow/dags/kafka_stream.py
[2025-09-10T23:49:41.497+0000] {processor.py:829} INFO - Processing file /opt/airflow/dags/kafka_stream.py for tasks to queue
[2025-09-10T23:49:41.498+0000] {logging_mixin.py:154} INFO - [2025-09-10T23:49:41.498+0000] {dagbag.py:536} INFO - Filling up the DagBag from /opt/airflow/dags/kafka_stream.py
[2025-09-10T23:49:41.564+0000] {processor.py:839} INFO - DAG(s) dict_keys(['user_automation']) retrieved from /opt/airflow/dags/kafka_stream.py
[2025-09-10T23:49:41.594+0000] {logging_mixin.py:154} INFO - [2025-09-10T23:49:41.594+0000] {dag.py:2941} INFO - Sync 1 DAGs
[2025-09-10T23:49:41.620+0000] {logging_mixin.py:154} INFO - [2025-09-10T23:49:41.619+0000] {dag.py:3722} INFO - Setting next_dagrun for user_automation to 2025-09-09T00:00:00+00:00, run_after=2025-09-10T00:00:00+00:00
[2025-09-10T23:49:41.641+0000] {processor.py:179} INFO - Processing /opt/airflow/dags/kafka_stream.py took 0.150 seconds
[2025-09-10T23:50:11.686+0000] {processor.py:157} INFO - Started process (PID=514) to work on /opt/airflow/dags/kafka_stream.py
[2025-09-10T23:50:11.688+0000] {processor.py:829} INFO - Processing file /opt/airflow/dags/kafka_stream.py for tasks to queue
[2025-09-10T23:50:11.690+0000] {logging_mixin.py:154} INFO - [2025-09-10T23:50:11.689+0000] {dagbag.py:536} INFO - Filling up the DagBag from /opt/airflow/dags/kafka_stream.py
[2025-09-10T23:50:11.767+0000] {processor.py:839} INFO - DAG(s) dict_keys(['user_automation']) retrieved from /opt/airflow/dags/kafka_stream.py
[2025-09-10T23:50:11.816+0000] {logging_mixin.py:154} INFO - [2025-09-10T23:50:11.816+0000] {dag.py:2941} INFO - Sync 1 DAGs
[2025-09-10T23:50:11.847+0000] {logging_mixin.py:154} INFO - [2025-09-10T23:50:11.847+0000] {dag.py:3722} INFO - Setting next_dagrun for user_automation to 2025-09-09T00:00:00+00:00, run_after=2025-09-10T00:00:00+00:00
[2025-09-10T23:50:11.878+0000] {processor.py:179} INFO - Processing /opt/airflow/dags/kafka_stream.py took 0.196 seconds
[2025-09-10T23:50:42.008+0000] {processor.py:157} INFO - Started process (PID=519) to work on /opt/airflow/dags/kafka_stream.py
[2025-09-10T23:50:42.009+0000] {processor.py:829} INFO - Processing file /opt/airflow/dags/kafka_stream.py for tasks to queue
[2025-09-10T23:50:42.011+0000] {logging_mixin.py:154} INFO - [2025-09-10T23:50:42.010+0000] {dagbag.py:536} INFO - Filling up the DagBag from /opt/airflow/dags/kafka_stream.py
[2025-09-10T23:50:42.082+0000] {processor.py:839} INFO - DAG(s) dict_keys(['user_automation']) retrieved from /opt/airflow/dags/kafka_stream.py
[2025-09-10T23:50:42.121+0000] {logging_mixin.py:154} INFO - [2025-09-10T23:50:42.121+0000] {dag.py:2941} INFO - Sync 1 DAGs
[2025-09-10T23:50:42.154+0000] {logging_mixin.py:154} INFO - [2025-09-10T23:50:42.154+0000] {dag.py:3722} INFO - Setting next_dagrun for user_automation to 2025-09-09T00:00:00+00:00, run_after=2025-09-10T00:00:00+00:00
[2025-09-10T23:50:42.180+0000] {processor.py:179} INFO - Processing /opt/airflow/dags/kafka_stream.py took 0.176 seconds
[2025-09-10T23:51:12.317+0000] {processor.py:157} INFO - Started process (PID=524) to work on /opt/airflow/dags/kafka_stream.py
[2025-09-10T23:51:12.318+0000] {processor.py:829} INFO - Processing file /opt/airflow/dags/kafka_stream.py for tasks to queue
[2025-09-10T23:51:12.320+0000] {logging_mixin.py:154} INFO - [2025-09-10T23:51:12.319+0000] {dagbag.py:536} INFO - Filling up the DagBag from /opt/airflow/dags/kafka_stream.py
[2025-09-10T23:51:12.384+0000] {processor.py:839} INFO - DAG(s) dict_keys(['user_automation']) retrieved from /opt/airflow/dags/kafka_stream.py
[2025-09-10T23:51:12.419+0000] {logging_mixin.py:154} INFO - [2025-09-10T23:51:12.418+0000] {dag.py:2941} INFO - Sync 1 DAGs
[2025-09-10T23:51:12.447+0000] {logging_mixin.py:154} INFO - [2025-09-10T23:51:12.446+0000] {dag.py:3722} INFO - Setting next_dagrun for user_automation to 2025-09-09T00:00:00+00:00, run_after=2025-09-10T00:00:00+00:00
[2025-09-10T23:51:12.471+0000] {processor.py:179} INFO - Processing /opt/airflow/dags/kafka_stream.py took 0.158 seconds
[2025-09-10T23:51:42.527+0000] {processor.py:157} INFO - Started process (PID=529) to work on /opt/airflow/dags/kafka_stream.py
[2025-09-10T23:51:42.528+0000] {processor.py:829} INFO - Processing file /opt/airflow/dags/kafka_stream.py for tasks to queue
[2025-09-10T23:51:42.530+0000] {logging_mixin.py:154} INFO - [2025-09-10T23:51:42.529+0000] {dagbag.py:536} INFO - Filling up the DagBag from /opt/airflow/dags/kafka_stream.py
[2025-09-10T23:51:42.606+0000] {processor.py:839} INFO - DAG(s) dict_keys(['user_automation']) retrieved from /opt/airflow/dags/kafka_stream.py
[2025-09-10T23:51:42.642+0000] {logging_mixin.py:154} INFO - [2025-09-10T23:51:42.642+0000] {dag.py:2941} INFO - Sync 1 DAGs
[2025-09-10T23:51:42.680+0000] {logging_mixin.py:154} INFO - [2025-09-10T23:51:42.679+0000] {dag.py:3722} INFO - Setting next_dagrun for user_automation to 2025-09-09T00:00:00+00:00, run_after=2025-09-10T00:00:00+00:00
[2025-09-10T23:51:42.711+0000] {processor.py:179} INFO - Processing /opt/airflow/dags/kafka_stream.py took 0.188 seconds
[2025-09-10T23:52:12.811+0000] {processor.py:157} INFO - Started process (PID=534) to work on /opt/airflow/dags/kafka_stream.py
[2025-09-10T23:52:12.812+0000] {processor.py:829} INFO - Processing file /opt/airflow/dags/kafka_stream.py for tasks to queue
[2025-09-10T23:52:12.814+0000] {logging_mixin.py:154} INFO - [2025-09-10T23:52:12.813+0000] {dagbag.py:536} INFO - Filling up the DagBag from /opt/airflow/dags/kafka_stream.py
[2025-09-10T23:52:13.026+0000] {processor.py:839} INFO - DAG(s) dict_keys(['user_automation']) retrieved from /opt/airflow/dags/kafka_stream.py
[2025-09-10T23:52:13.062+0000] {logging_mixin.py:154} INFO - [2025-09-10T23:52:13.062+0000] {dag.py:2941} INFO - Sync 1 DAGs
[2025-09-10T23:52:13.107+0000] {logging_mixin.py:154} INFO - [2025-09-10T23:52:13.106+0000] {dag.py:3722} INFO - Setting next_dagrun for user_automation to 2025-09-09T00:00:00+00:00, run_after=2025-09-10T00:00:00+00:00
[2025-09-10T23:52:13.138+0000] {processor.py:179} INFO - Processing /opt/airflow/dags/kafka_stream.py took 0.333 seconds
[2025-09-10T23:52:43.334+0000] {processor.py:157} INFO - Started process (PID=539) to work on /opt/airflow/dags/kafka_stream.py
[2025-09-10T23:52:43.335+0000] {processor.py:829} INFO - Processing file /opt/airflow/dags/kafka_stream.py for tasks to queue
[2025-09-10T23:52:43.337+0000] {logging_mixin.py:154} INFO - [2025-09-10T23:52:43.337+0000] {dagbag.py:536} INFO - Filling up the DagBag from /opt/airflow/dags/kafka_stream.py
[2025-09-10T23:52:43.405+0000] {processor.py:839} INFO - DAG(s) dict_keys(['user_automation']) retrieved from /opt/airflow/dags/kafka_stream.py
[2025-09-10T23:52:43.464+0000] {logging_mixin.py:154} INFO - [2025-09-10T23:52:43.464+0000] {dag.py:2941} INFO - Sync 1 DAGs
[2025-09-10T23:52:43.502+0000] {logging_mixin.py:154} INFO - [2025-09-10T23:52:43.501+0000] {dag.py:3722} INFO - Setting next_dagrun for user_automation to 2025-09-09T00:00:00+00:00, run_after=2025-09-10T00:00:00+00:00
[2025-09-10T23:52:43.546+0000] {processor.py:179} INFO - Processing /opt/airflow/dags/kafka_stream.py took 0.215 seconds
[2025-09-10T23:53:13.772+0000] {processor.py:157} INFO - Started process (PID=544) to work on /opt/airflow/dags/kafka_stream.py
[2025-09-10T23:53:13.773+0000] {processor.py:829} INFO - Processing file /opt/airflow/dags/kafka_stream.py for tasks to queue
[2025-09-10T23:53:13.775+0000] {logging_mixin.py:154} INFO - [2025-09-10T23:53:13.774+0000] {dagbag.py:536} INFO - Filling up the DagBag from /opt/airflow/dags/kafka_stream.py
[2025-09-10T23:53:13.863+0000] {processor.py:839} INFO - DAG(s) dict_keys(['user_automation']) retrieved from /opt/airflow/dags/kafka_stream.py
[2025-09-10T23:53:13.898+0000] {logging_mixin.py:154} INFO - [2025-09-10T23:53:13.897+0000] {dag.py:2941} INFO - Sync 1 DAGs
[2025-09-10T23:53:13.936+0000] {logging_mixin.py:154} INFO - [2025-09-10T23:53:13.936+0000] {dag.py:3722} INFO - Setting next_dagrun for user_automation to 2025-09-09T00:00:00+00:00, run_after=2025-09-10T00:00:00+00:00
[2025-09-10T23:53:13.966+0000] {processor.py:179} INFO - Processing /opt/airflow/dags/kafka_stream.py took 0.198 seconds
[2025-09-10T23:53:44.024+0000] {processor.py:157} INFO - Started process (PID=549) to work on /opt/airflow/dags/kafka_stream.py
[2025-09-10T23:53:44.025+0000] {processor.py:829} INFO - Processing file /opt/airflow/dags/kafka_stream.py for tasks to queue
[2025-09-10T23:53:44.027+0000] {logging_mixin.py:154} INFO - [2025-09-10T23:53:44.026+0000] {dagbag.py:536} INFO - Filling up the DagBag from /opt/airflow/dags/kafka_stream.py
[2025-09-10T23:53:44.093+0000] {processor.py:839} INFO - DAG(s) dict_keys(['user_automation']) retrieved from /opt/airflow/dags/kafka_stream.py
[2025-09-10T23:53:44.130+0000] {logging_mixin.py:154} INFO - [2025-09-10T23:53:44.130+0000] {dag.py:2941} INFO - Sync 1 DAGs
[2025-09-10T23:53:44.163+0000] {logging_mixin.py:154} INFO - [2025-09-10T23:53:44.162+0000] {dag.py:3722} INFO - Setting next_dagrun for user_automation to 2025-09-09T00:00:00+00:00, run_after=2025-09-10T00:00:00+00:00
[2025-09-10T23:53:44.189+0000] {processor.py:179} INFO - Processing /opt/airflow/dags/kafka_stream.py took 0.168 seconds
[2025-09-10T23:54:14.300+0000] {processor.py:157} INFO - Started process (PID=554) to work on /opt/airflow/dags/kafka_stream.py
[2025-09-10T23:54:14.301+0000] {processor.py:829} INFO - Processing file /opt/airflow/dags/kafka_stream.py for tasks to queue
[2025-09-10T23:54:14.304+0000] {logging_mixin.py:154} INFO - [2025-09-10T23:54:14.303+0000] {dagbag.py:536} INFO - Filling up the DagBag from /opt/airflow/dags/kafka_stream.py
[2025-09-10T23:54:14.403+0000] {processor.py:839} INFO - DAG(s) dict_keys(['user_automation']) retrieved from /opt/airflow/dags/kafka_stream.py
[2025-09-10T23:54:14.444+0000] {logging_mixin.py:154} INFO - [2025-09-10T23:54:14.443+0000] {dag.py:2941} INFO - Sync 1 DAGs
[2025-09-10T23:54:14.478+0000] {logging_mixin.py:154} INFO - [2025-09-10T23:54:14.478+0000] {dag.py:3722} INFO - Setting next_dagrun for user_automation to 2025-09-09T00:00:00+00:00, run_after=2025-09-10T00:00:00+00:00
[2025-09-10T23:54:14.507+0000] {processor.py:179} INFO - Processing /opt/airflow/dags/kafka_stream.py took 0.212 seconds
[2025-09-10T23:54:44.676+0000] {processor.py:157} INFO - Started process (PID=559) to work on /opt/airflow/dags/kafka_stream.py
[2025-09-10T23:54:44.677+0000] {processor.py:829} INFO - Processing file /opt/airflow/dags/kafka_stream.py for tasks to queue
[2025-09-10T23:54:44.679+0000] {logging_mixin.py:154} INFO - [2025-09-10T23:54:44.678+0000] {dagbag.py:536} INFO - Filling up the DagBag from /opt/airflow/dags/kafka_stream.py
[2025-09-10T23:54:44.745+0000] {processor.py:839} INFO - DAG(s) dict_keys(['user_automation']) retrieved from /opt/airflow/dags/kafka_stream.py
[2025-09-10T23:54:44.781+0000] {logging_mixin.py:154} INFO - [2025-09-10T23:54:44.781+0000] {dag.py:2941} INFO - Sync 1 DAGs
[2025-09-10T23:54:44.813+0000] {logging_mixin.py:154} INFO - [2025-09-10T23:54:44.813+0000] {dag.py:3722} INFO - Setting next_dagrun for user_automation to 2025-09-09T00:00:00+00:00, run_after=2025-09-10T00:00:00+00:00
[2025-09-10T23:54:44.839+0000] {processor.py:179} INFO - Processing /opt/airflow/dags/kafka_stream.py took 0.167 seconds
[2025-09-10T23:55:14.897+0000] {processor.py:157} INFO - Started process (PID=564) to work on /opt/airflow/dags/kafka_stream.py
[2025-09-10T23:55:14.898+0000] {processor.py:829} INFO - Processing file /opt/airflow/dags/kafka_stream.py for tasks to queue
[2025-09-10T23:55:14.900+0000] {logging_mixin.py:154} INFO - [2025-09-10T23:55:14.899+0000] {dagbag.py:536} INFO - Filling up the DagBag from /opt/airflow/dags/kafka_stream.py
[2025-09-10T23:55:14.967+0000] {processor.py:839} INFO - DAG(s) dict_keys(['user_automation']) retrieved from /opt/airflow/dags/kafka_stream.py
[2025-09-10T23:55:15.000+0000] {logging_mixin.py:154} INFO - [2025-09-10T23:55:15.000+0000] {dag.py:2941} INFO - Sync 1 DAGs
[2025-09-10T23:55:15.034+0000] {logging_mixin.py:154} INFO - [2025-09-10T23:55:15.034+0000] {dag.py:3722} INFO - Setting next_dagrun for user_automation to 2025-09-09T00:00:00+00:00, run_after=2025-09-10T00:00:00+00:00
[2025-09-10T23:55:15.061+0000] {processor.py:179} INFO - Processing /opt/airflow/dags/kafka_stream.py took 0.168 seconds
[2025-09-10T23:55:45.221+0000] {processor.py:157} INFO - Started process (PID=569) to work on /opt/airflow/dags/kafka_stream.py
[2025-09-10T23:55:45.222+0000] {processor.py:829} INFO - Processing file /opt/airflow/dags/kafka_stream.py for tasks to queue
[2025-09-10T23:55:45.224+0000] {logging_mixin.py:154} INFO - [2025-09-10T23:55:45.223+0000] {dagbag.py:536} INFO - Filling up the DagBag from /opt/airflow/dags/kafka_stream.py
[2025-09-10T23:55:45.283+0000] {processor.py:839} INFO - DAG(s) dict_keys(['user_automation']) retrieved from /opt/airflow/dags/kafka_stream.py
[2025-09-10T23:55:45.313+0000] {logging_mixin.py:154} INFO - [2025-09-10T23:55:45.312+0000] {dag.py:2941} INFO - Sync 1 DAGs
[2025-09-10T23:55:45.339+0000] {logging_mixin.py:154} INFO - [2025-09-10T23:55:45.339+0000] {dag.py:3722} INFO - Setting next_dagrun for user_automation to 2025-09-09T00:00:00+00:00, run_after=2025-09-10T00:00:00+00:00
[2025-09-10T23:55:45.364+0000] {processor.py:179} INFO - Processing /opt/airflow/dags/kafka_stream.py took 0.145 seconds
[2025-09-10T23:56:15.511+0000] {processor.py:157} INFO - Started process (PID=574) to work on /opt/airflow/dags/kafka_stream.py
[2025-09-10T23:56:15.513+0000] {processor.py:829} INFO - Processing file /opt/airflow/dags/kafka_stream.py for tasks to queue
[2025-09-10T23:56:15.515+0000] {logging_mixin.py:154} INFO - [2025-09-10T23:56:15.514+0000] {dagbag.py:536} INFO - Filling up the DagBag from /opt/airflow/dags/kafka_stream.py
[2025-09-10T23:56:15.605+0000] {processor.py:839} INFO - DAG(s) dict_keys(['user_automation']) retrieved from /opt/airflow/dags/kafka_stream.py
[2025-09-10T23:56:15.641+0000] {logging_mixin.py:154} INFO - [2025-09-10T23:56:15.641+0000] {dag.py:2941} INFO - Sync 1 DAGs
[2025-09-10T23:56:15.672+0000] {logging_mixin.py:154} INFO - [2025-09-10T23:56:15.672+0000] {dag.py:3722} INFO - Setting next_dagrun for user_automation to 2025-09-09T00:00:00+00:00, run_after=2025-09-10T00:00:00+00:00
[2025-09-10T23:56:15.699+0000] {processor.py:179} INFO - Processing /opt/airflow/dags/kafka_stream.py took 0.191 seconds
[2025-09-10T23:56:45.921+0000] {processor.py:157} INFO - Started process (PID=579) to work on /opt/airflow/dags/kafka_stream.py
[2025-09-10T23:56:45.922+0000] {processor.py:829} INFO - Processing file /opt/airflow/dags/kafka_stream.py for tasks to queue
[2025-09-10T23:56:45.924+0000] {logging_mixin.py:154} INFO - [2025-09-10T23:56:45.923+0000] {dagbag.py:536} INFO - Filling up the DagBag from /opt/airflow/dags/kafka_stream.py
[2025-09-10T23:56:45.986+0000] {processor.py:839} INFO - DAG(s) dict_keys(['user_automation']) retrieved from /opt/airflow/dags/kafka_stream.py
[2025-09-10T23:56:46.013+0000] {logging_mixin.py:154} INFO - [2025-09-10T23:56:46.012+0000] {dag.py:2941} INFO - Sync 1 DAGs
[2025-09-10T23:56:46.041+0000] {logging_mixin.py:154} INFO - [2025-09-10T23:56:46.041+0000] {dag.py:3722} INFO - Setting next_dagrun for user_automation to 2025-09-09T00:00:00+00:00, run_after=2025-09-10T00:00:00+00:00
[2025-09-10T23:56:46.070+0000] {processor.py:179} INFO - Processing /opt/airflow/dags/kafka_stream.py took 0.152 seconds
[2025-09-10T23:57:16.219+0000] {processor.py:157} INFO - Started process (PID=584) to work on /opt/airflow/dags/kafka_stream.py
[2025-09-10T23:57:16.221+0000] {processor.py:829} INFO - Processing file /opt/airflow/dags/kafka_stream.py for tasks to queue
[2025-09-10T23:57:16.222+0000] {logging_mixin.py:154} INFO - [2025-09-10T23:57:16.222+0000] {dagbag.py:536} INFO - Filling up the DagBag from /opt/airflow/dags/kafka_stream.py
[2025-09-10T23:57:16.285+0000] {processor.py:839} INFO - DAG(s) dict_keys(['user_automation']) retrieved from /opt/airflow/dags/kafka_stream.py
[2025-09-10T23:57:16.331+0000] {logging_mixin.py:154} INFO - [2025-09-10T23:57:16.331+0000] {dag.py:2941} INFO - Sync 1 DAGs
[2025-09-10T23:57:16.360+0000] {logging_mixin.py:154} INFO - [2025-09-10T23:57:16.360+0000] {dag.py:3722} INFO - Setting next_dagrun for user_automation to 2025-09-09T00:00:00+00:00, run_after=2025-09-10T00:00:00+00:00
[2025-09-10T23:57:16.382+0000] {processor.py:179} INFO - Processing /opt/airflow/dags/kafka_stream.py took 0.166 seconds
[2025-09-10T23:57:46.534+0000] {processor.py:157} INFO - Started process (PID=589) to work on /opt/airflow/dags/kafka_stream.py
[2025-09-10T23:57:46.535+0000] {processor.py:829} INFO - Processing file /opt/airflow/dags/kafka_stream.py for tasks to queue
[2025-09-10T23:57:46.537+0000] {logging_mixin.py:154} INFO - [2025-09-10T23:57:46.536+0000] {dagbag.py:536} INFO - Filling up the DagBag from /opt/airflow/dags/kafka_stream.py
[2025-09-10T23:57:46.599+0000] {processor.py:839} INFO - DAG(s) dict_keys(['user_automation']) retrieved from /opt/airflow/dags/kafka_stream.py
[2025-09-10T23:57:46.638+0000] {logging_mixin.py:154} INFO - [2025-09-10T23:57:46.637+0000] {dag.py:2941} INFO - Sync 1 DAGs
[2025-09-10T23:57:46.665+0000] {logging_mixin.py:154} INFO - [2025-09-10T23:57:46.665+0000] {dag.py:3722} INFO - Setting next_dagrun for user_automation to 2025-09-09T00:00:00+00:00, run_after=2025-09-10T00:00:00+00:00
[2025-09-10T23:57:46.689+0000] {processor.py:179} INFO - Processing /opt/airflow/dags/kafka_stream.py took 0.159 seconds
[2025-09-10T23:58:16.972+0000] {processor.py:157} INFO - Started process (PID=594) to work on /opt/airflow/dags/kafka_stream.py
[2025-09-10T23:58:16.973+0000] {processor.py:829} INFO - Processing file /opt/airflow/dags/kafka_stream.py for tasks to queue
[2025-09-10T23:58:16.974+0000] {logging_mixin.py:154} INFO - [2025-09-10T23:58:16.973+0000] {dagbag.py:536} INFO - Filling up the DagBag from /opt/airflow/dags/kafka_stream.py
[2025-09-10T23:58:17.041+0000] {processor.py:839} INFO - DAG(s) dict_keys(['user_automation']) retrieved from /opt/airflow/dags/kafka_stream.py
[2025-09-10T23:58:17.087+0000] {logging_mixin.py:154} INFO - [2025-09-10T23:58:17.086+0000] {dag.py:2941} INFO - Sync 1 DAGs
[2025-09-10T23:58:17.118+0000] {logging_mixin.py:154} INFO - [2025-09-10T23:58:17.118+0000] {dag.py:3722} INFO - Setting next_dagrun for user_automation to 2025-09-09T00:00:00+00:00, run_after=2025-09-10T00:00:00+00:00
[2025-09-10T23:58:17.142+0000] {processor.py:179} INFO - Processing /opt/airflow/dags/kafka_stream.py took 0.174 seconds
[2025-09-10T23:58:47.299+0000] {processor.py:157} INFO - Started process (PID=599) to work on /opt/airflow/dags/kafka_stream.py
[2025-09-10T23:58:47.300+0000] {processor.py:829} INFO - Processing file /opt/airflow/dags/kafka_stream.py for tasks to queue
[2025-09-10T23:58:47.303+0000] {logging_mixin.py:154} INFO - [2025-09-10T23:58:47.301+0000] {dagbag.py:536} INFO - Filling up the DagBag from /opt/airflow/dags/kafka_stream.py
[2025-09-10T23:58:47.389+0000] {processor.py:839} INFO - DAG(s) dict_keys(['user_automation']) retrieved from /opt/airflow/dags/kafka_stream.py
[2025-09-10T23:58:47.449+0000] {logging_mixin.py:154} INFO - [2025-09-10T23:58:47.449+0000] {dag.py:2941} INFO - Sync 1 DAGs
[2025-09-10T23:58:47.493+0000] {logging_mixin.py:154} INFO - [2025-09-10T23:58:47.493+0000] {dag.py:3722} INFO - Setting next_dagrun for user_automation to 2025-09-09T00:00:00+00:00, run_after=2025-09-10T00:00:00+00:00
[2025-09-10T23:58:47.528+0000] {processor.py:179} INFO - Processing /opt/airflow/dags/kafka_stream.py took 0.234 seconds
[2025-09-10T23:59:17.706+0000] {processor.py:157} INFO - Started process (PID=604) to work on /opt/airflow/dags/kafka_stream.py
[2025-09-10T23:59:17.707+0000] {processor.py:829} INFO - Processing file /opt/airflow/dags/kafka_stream.py for tasks to queue
[2025-09-10T23:59:17.711+0000] {logging_mixin.py:154} INFO - [2025-09-10T23:59:17.709+0000] {dagbag.py:536} INFO - Filling up the DagBag from /opt/airflow/dags/kafka_stream.py
[2025-09-10T23:59:17.788+0000] {processor.py:839} INFO - DAG(s) dict_keys(['user_automation']) retrieved from /opt/airflow/dags/kafka_stream.py
[2025-09-10T23:59:17.830+0000] {logging_mixin.py:154} INFO - [2025-09-10T23:59:17.830+0000] {dag.py:2941} INFO - Sync 1 DAGs
[2025-09-10T23:59:17.866+0000] {logging_mixin.py:154} INFO - [2025-09-10T23:59:17.866+0000] {dag.py:3722} INFO - Setting next_dagrun for user_automation to 2025-09-09T00:00:00+00:00, run_after=2025-09-10T00:00:00+00:00
[2025-09-10T23:59:17.898+0000] {processor.py:179} INFO - Processing /opt/airflow/dags/kafka_stream.py took 0.201 seconds
[2025-09-10T23:59:48.115+0000] {processor.py:157} INFO - Started process (PID=609) to work on /opt/airflow/dags/kafka_stream.py
[2025-09-10T23:59:48.116+0000] {processor.py:829} INFO - Processing file /opt/airflow/dags/kafka_stream.py for tasks to queue
[2025-09-10T23:59:48.117+0000] {logging_mixin.py:154} INFO - [2025-09-10T23:59:48.117+0000] {dagbag.py:536} INFO - Filling up the DagBag from /opt/airflow/dags/kafka_stream.py
[2025-09-10T23:59:48.175+0000] {processor.py:839} INFO - DAG(s) dict_keys(['user_automation']) retrieved from /opt/airflow/dags/kafka_stream.py
[2025-09-10T23:59:48.221+0000] {logging_mixin.py:154} INFO - [2025-09-10T23:59:48.221+0000] {dag.py:2941} INFO - Sync 1 DAGs
[2025-09-10T23:59:48.250+0000] {logging_mixin.py:154} INFO - [2025-09-10T23:59:48.249+0000] {dag.py:3722} INFO - Setting next_dagrun for user_automation to 2025-09-09T00:00:00+00:00, run_after=2025-09-10T00:00:00+00:00
[2025-09-10T23:59:48.272+0000] {processor.py:179} INFO - Processing /opt/airflow/dags/kafka_stream.py took 0.160 seconds
